<?xml version="1.0" encoding="utf-8"?>
<TestRun id="30f65488-a4ba-4a83-9dc4-6a00a8d21870" name="@macbook-pro-de-gwendall 2023-03-18 17:40:07" xmlns="http://microsoft.com/schemas/VisualStudio/TeamTest/2010">
  <Times creation="2023-03-18T17:40:07.3916520+01:00" queuing="2023-03-18T17:40:07.3916520+01:00" start="2023-03-18T17:40:04.7154800+01:00" finish="2023-03-18T17:40:08.6370380+01:00" />
  <TestSettings name="default" id="eda66b20-334e-40b7-9578-b4ed374c1651">
    <Deployment runDeploymentRoot="_macbook-pro-de-gwendall_2023-03-18_17_40_07" />
  </TestSettings>
  <Results>
    <UnitTestResult executionId="cf5780f3-a5ae-4142-882b-292d7ffdea4c" testId="1347f241-136c-cef8-d4ba-385ff45a8d83" testName="RSql4Net.Tests.Models.Queries.ComparisonDoubleExpressionTest.ShouldBeNotEquals" computerName="macbook-pro-de-gwendall" duration="00:00:00.0019395" startTime="2023-03-18T17:40:08.2287510+01:00" endTime="2023-03-18T17:40:08.2287510+01:00" testType="13cdc9d9-ddb5-4fa4-a97d-d965ccfc6d4b" outcome="Passed" testListId="8c84fa94-04c1-424b-9868-57a2d4851a1d" relativeResultsDirectory="cf5780f3-a5ae-4142-882b-292d7ffdea4c" />
    <UnitTestResult executionId="372ee12f-8100-42f3-8ac6-4c62d4b04eb6" testId="2a4e4943-58eb-c7b4-0836-32fd6e0ebdbd" testName="RSql4Net.Tests.Models.Queries.ComparisonBooleanExpressionTest.ShouldThrowInvalidConversionException" computerName="macbook-pro-de-gwendall" duration="00:00:00.0007339" startTime="2023-03-18T17:40:08.3466640+01:00" endTime="2023-03-18T17:40:08.3466640+01:00" testType="13cdc9d9-ddb5-4fa4-a97d-d965ccfc6d4b" outcome="Passed" testListId="8c84fa94-04c1-424b-9868-57a2d4851a1d" relativeResultsDirectory="372ee12f-8100-42f3-8ac6-4c62d4b04eb6" />
    <UnitTestResult executionId="9a4e1dbc-44fb-4773-b55e-d176dd2203f1" testId="6318c8ad-9a09-f765-f416-1c28329d9874" testName="RSql4Net.Tests.Models.Queries.ComparisonStringExpressionTest.ShouldThrowExceptionGreaterThanOrEquals" computerName="macbook-pro-de-gwendall" duration="00:00:00.0009346" startTime="2023-03-18T17:40:08.1381360+01:00" endTime="2023-03-18T17:40:08.1381360+01:00" testType="13cdc9d9-ddb5-4fa4-a97d-d965ccfc6d4b" outcome="Passed" testListId="8c84fa94-04c1-424b-9868-57a2d4851a1d" relativeResultsDirectory="9a4e1dbc-44fb-4773-b55e-d176dd2203f1" />
    <UnitTestResult executionId="30de2cd6-9a77-4fdd-b7ad-99b45c702fca" testId="3bd12f5e-06c2-8025-0e66-a1ff83463cd1" testName="RSql4Net.Tests.Models.Queries.ComparisonDoubleExpressionTest.ShouldBeLowerThanWithNullable" computerName="macbook-pro-de-gwendall" duration="00:00:00.0026123" startTime="2023-03-18T17:40:08.2343000+01:00" endTime="2023-03-18T17:40:08.2343000+01:00" testType="13cdc9d9-ddb5-4fa4-a97d-d965ccfc6d4b" outcome="Passed" testListId="8c84fa94-04c1-424b-9868-57a2d4851a1d" relativeResultsDirectory="30de2cd6-9a77-4fdd-b7ad-99b45c702fca" />
    <UnitTestResult executionId="aa08cc5c-7a8d-4158-a5b1-2d4055dede47" testId="eb3f41cc-8ee0-e795-631e-b01c92d04851" testName="RSql4Net.Tests.Models.Queries.ComparisonStringExpressionTest.ShouldBeStartsWith" computerName="macbook-pro-de-gwendall" duration="00:00:00.0008394" startTime="2023-03-18T17:40:08.1564880+01:00" endTime="2023-03-18T17:40:08.1564880+01:00" testType="13cdc9d9-ddb5-4fa4-a97d-d965ccfc6d4b" outcome="Passed" testListId="8c84fa94-04c1-424b-9868-57a2d4851a1d" relativeResultsDirectory="aa08cc5c-7a8d-4158-a5b1-2d4055dede47" />
    <UnitTestResult executionId="69991802-a020-4cb5-a4ea-2e61226de0d7" testId="bfefe66a-8ce4-63fc-21af-7e76bcb9a29b" testName="RSql4Net.Tests.Models.Queries.ComparisonStringExpressionTest.ShouldThrowExceptionLowerThan" computerName="macbook-pro-de-gwendall" duration="00:00:00.0009085" startTime="2023-03-18T17:40:08.1386090+01:00" endTime="2023-03-18T17:40:08.1386090+01:00" testType="13cdc9d9-ddb5-4fa4-a97d-d965ccfc6d4b" outcome="Passed" testListId="8c84fa94-04c1-424b-9868-57a2d4851a1d" relativeResultsDirectory="69991802-a020-4cb5-a4ea-2e61226de0d7" />
    <UnitTestResult executionId="c1b2c40c-9fb8-48ee-aad9-23631b6fda70" testId="1c46ab22-39c5-508f-f6e2-b7d5ed4ca241" testName="RSql4Net.Tests.Models.Queries.ComparisonDecimalExpressionTest.ShouldBeGreaterThanWithNullable" computerName="macbook-pro-de-gwendall" duration="00:00:00.0100663" startTime="2023-03-18T17:40:07.7130000+01:00" endTime="2023-03-18T17:40:07.7130010+01:00" testType="13cdc9d9-ddb5-4fa4-a97d-d965ccfc6d4b" outcome="Passed" testListId="8c84fa94-04c1-424b-9868-57a2d4851a1d" relativeResultsDirectory="c1b2c40c-9fb8-48ee-aad9-23631b6fda70" />
    <UnitTestResult executionId="99b5c750-58af-4145-aac7-a4315ceb4401" testId="b1e2926e-f8f3-82da-2314-c429fe38bdac" testName="RSql4Net.Tests.SwaggerGen.RSqlOperationFilterTest.ShouldBeWithQueryParameter" computerName="macbook-pro-de-gwendall" duration="00:00:00.0009756" startTime="2023-03-18T17:40:08.1662200+01:00" endTime="2023-03-18T17:40:08.1662200+01:00" testType="13cdc9d9-ddb5-4fa4-a97d-d965ccfc6d4b" outcome="Passed" testListId="8c84fa94-04c1-424b-9868-57a2d4851a1d" relativeResultsDirectory="99b5c750-58af-4145-aac7-a4315ceb4401" />
    <UnitTestResult executionId="5038c45d-d8fb-47bb-8423-ecdbfce04dd0" testId="193579c3-924a-42ac-1f05-be920639c4a1" testName="RSql4Net.Tests.Models.Queries.ComparisonDateTimeExpressionTest.ShouldThrowInvalidConversionException" computerName="macbook-pro-de-gwendall" duration="00:00:00.0009756" startTime="2023-03-18T17:40:07.8708450+01:00" endTime="2023-03-18T17:40:07.8708450+01:00" testType="13cdc9d9-ddb5-4fa4-a97d-d965ccfc6d4b" outcome="Passed" testListId="8c84fa94-04c1-424b-9868-57a2d4851a1d" relativeResultsDirectory="5038c45d-d8fb-47bb-8423-ecdbfce04dd0" />
    <UnitTestResult executionId="ac89385e-aa22-4595-9d6d-45726a708878" testId="65d43f36-da3f-f658-6fd0-c192ae241543" testName="RSql4Net.Tests.Models.MethodContainsInfoTest.ShouldBeReturnNull" computerName="macbook-pro-de-gwendall" duration="00:00:00.0003879" startTime="2023-03-18T17:40:07.7214130+01:00" endTime="2023-03-18T17:40:07.7214130+01:00" testType="13cdc9d9-ddb5-4fa4-a97d-d965ccfc6d4b" outcome="Passed" testListId="8c84fa94-04c1-424b-9868-57a2d4851a1d" relativeResultsDirectory="ac89385e-aa22-4595-9d6d-45726a708878" />
    <UnitTestResult executionId="db023cc2-2d75-4165-87d7-6ef5f5645b63" testId="323f31b8-d3d6-1c0a-280c-1ea473d44b4b" testName="RSql4Net.Tests.Models.Queries.ComparisonInt16ExpressionTest.ShouldBeGreaterThanWithNullable" computerName="macbook-pro-de-gwendall" duration="00:00:00.0023842" startTime="2023-03-18T17:40:08.2269570+01:00" endTime="2023-03-18T17:40:08.2269570+01:00" testType="13cdc9d9-ddb5-4fa4-a97d-d965ccfc6d4b" outcome="Passed" testListId="8c84fa94-04c1-424b-9868-57a2d4851a1d" relativeResultsDirectory="db023cc2-2d75-4165-87d7-6ef5f5645b63" />
    <UnitTestResult executionId="471b9c45-5101-4c51-a55b-b5cd9a6b8405" testId="b1e36434-8999-4b5c-3e20-a0bc55b14f29" testName="RSql4Net.Tests.Models.Queries.ComparisonByteExpressionTest.ShouldBeGreaterThanOrEqualsWithNullable" computerName="macbook-pro-de-gwendall" duration="00:00:00.0032144" startTime="2023-03-18T17:40:08.3118040+01:00" endTime="2023-03-18T17:40:08.3118040+01:00" testType="13cdc9d9-ddb5-4fa4-a97d-d965ccfc6d4b" outcome="Passed" testListId="8c84fa94-04c1-424b-9868-57a2d4851a1d" relativeResultsDirectory="471b9c45-5101-4c51-a55b-b5cd9a6b8405" />
    <UnitTestResult executionId="57f04205-d243-4692-ab8d-ed685f0c9c3f" testId="24d61a71-241c-e8c7-a5dc-1d39c1c16b22" testName="RSql4Net.Tests.Configuration.SettingsBuilderTest.ShouldBeOutOfRangePageSizeException" computerName="macbook-pro-de-gwendall" duration="00:00:00.0006206" startTime="2023-03-18T17:40:08.0853900+01:00" endTime="2023-03-18T17:40:08.0853900+01:00" testType="13cdc9d9-ddb5-4fa4-a97d-d965ccfc6d4b" outcome="Passed" testListId="8c84fa94-04c1-424b-9868-57a2d4851a1d" relativeResultsDirectory="57f04205-d243-4692-ab8d-ed685f0c9c3f" />
    <UnitTestResult executionId="b516b205-67d2-44b1-846a-5b3a7e7f9333" testId="48d3b575-36be-519d-c4bb-5067aa7abe4e" testName="RSql4Net.Tests.Models.Queries.ComparisonDecimalExpressionTest.ShouldBeGreaterThanOrEqualsWithNullable" computerName="macbook-pro-de-gwendall" duration="00:00:00.0274001" startTime="2023-03-18T17:40:07.5226600+01:00" endTime="2023-03-18T17:40:07.5226600+01:00" testType="13cdc9d9-ddb5-4fa4-a97d-d965ccfc6d4b" outcome="Passed" testListId="8c84fa94-04c1-424b-9868-57a2d4851a1d" relativeResultsDirectory="b516b205-67d2-44b1-846a-5b3a7e7f9333" />
    <UnitTestResult executionId="c1890601-09ba-4aad-989c-d6aa3c2f3121" testId="0ef5e003-5932-1c65-e16a-5acde530f66c" testName="RSql4Net.Tests.Models.Paging.Exceptions.OutOfRangePageNumberExceptionTest.ShouldBeOutOfRangePageNumberException" computerName="macbook-pro-de-gwendall" duration="00:00:00.0011365" startTime="2023-03-18T17:40:07.8422820+01:00" endTime="2023-03-18T17:40:07.8422820+01:00" testType="13cdc9d9-ddb5-4fa4-a97d-d965ccfc6d4b" outcome="Passed" testListId="8c84fa94-04c1-424b-9868-57a2d4851a1d" relativeResultsDirectory="c1890601-09ba-4aad-989c-d6aa3c2f3121" />
    <UnitTestResult executionId="7711885e-3c44-44cd-8c40-9cf474c3fca4" testId="92fda909-bacb-c010-bc73-013c127e84c5" testName="RSql4Net.Tests.Models.Queries.ComparisonSubObjectExpressionTest.ShouldBeEquals" computerName="macbook-pro-de-gwendall" duration="00:00:00.0015744" startTime="2023-03-18T17:40:07.4954630+01:00" endTime="2023-03-18T17:40:07.4954630+01:00" testType="13cdc9d9-ddb5-4fa4-a97d-d965ccfc6d4b" outcome="Passed" testListId="8c84fa94-04c1-424b-9868-57a2d4851a1d" relativeResultsDirectory="7711885e-3c44-44cd-8c40-9cf474c3fca4" />
    <UnitTestResult executionId="a8c12870-a690-48f1-864d-ab7bf5e952ba" testId="f71ee8b8-48e8-5736-59b2-1e84177c935a" testName="RSql4Net.Tests.Models.Paging.PageTest.ShouldBeWithHasContentAndIsFirstPage" computerName="macbook-pro-de-gwendall" duration="00:00:00.0006972" startTime="2023-03-18T17:40:07.9869640+01:00" endTime="2023-03-18T17:40:07.9869640+01:00" testType="13cdc9d9-ddb5-4fa4-a97d-d965ccfc6d4b" outcome="Passed" testListId="8c84fa94-04c1-424b-9868-57a2d4851a1d" relativeResultsDirectory="a8c12870-a690-48f1-864d-ab7bf5e952ba" />
    <UnitTestResult executionId="ab265df6-e025-46af-833b-b13adc33620f" testId="637ccd55-a1b3-28e6-fce5-0835802691d0" testName="RSql4Net.Tests.Models.Queries.ComparisonByteExpressionTest.ShouldBeLowerThanOrEqualsWithNullable" computerName="macbook-pro-de-gwendall" duration="00:00:00.0022616" startTime="2023-03-18T17:40:08.2633910+01:00" endTime="2023-03-18T17:40:08.2633910+01:00" testType="13cdc9d9-ddb5-4fa4-a97d-d965ccfc6d4b" outcome="Passed" testListId="8c84fa94-04c1-424b-9868-57a2d4851a1d" relativeResultsDirectory="ab265df6-e025-46af-833b-b13adc33620f" />
    <UnitTestResult executionId="ed9d7a4f-436d-4d3f-a5a0-6e21879b618f" testId="04e901a7-e8d7-41d4-62cc-f5e2a9003964" testName="RSql4Net.Tests.Models.Paging.Exceptions.OutOfRangePageSizeExceptionTest.ShouldBeOutOfRangePageSizeException" computerName="macbook-pro-de-gwendall" duration="00:00:00.0009597" startTime="2023-03-18T17:40:07.3055580+01:00" endTime="2023-03-18T17:40:07.3055580+01:00" testType="13cdc9d9-ddb5-4fa4-a97d-d965ccfc6d4b" outcome="Passed" testListId="8c84fa94-04c1-424b-9868-57a2d4851a1d" relativeResultsDirectory="ed9d7a4f-436d-4d3f-a5a0-6e21879b618f" />
    <UnitTestResult executionId="2a63abcb-8cfc-44b7-97b8-5663d1762393" testId="7fbb7831-ec84-605b-ae24-be5325ad16e3" testName="RSql4Net.Tests.Models.Queries.Exceptions.QueryComparisonInvalidComparatorSelectionExceptionTest.ShouldBeSerializable" computerName="macbook-pro-de-gwendall" duration="00:00:00.0027618" startTime="2023-03-18T17:40:07.4957560+01:00" endTime="2023-03-18T17:40:07.4957560+01:00" testType="13cdc9d9-ddb5-4fa4-a97d-d965ccfc6d4b" outcome="Passed" testListId="8c84fa94-04c1-424b-9868-57a2d4851a1d" relativeResultsDirectory="2a63abcb-8cfc-44b7-97b8-5663d1762393" />
    <UnitTestResult executionId="72c7a85c-8bdb-4980-a6a3-4d72d83948e8" testId="2c0c8eeb-65d3-ab6e-b2a1-2d89d166659b" testName="RSql4Net.Tests.Models.Queries.ComparisonFloatExpressionTest.ShouldThrowInvalidConversionException" computerName="macbook-pro-de-gwendall" duration="00:00:00.0006685" startTime="2023-03-18T17:40:08.2974870+01:00" endTime="2023-03-18T17:40:08.2974870+01:00" testType="13cdc9d9-ddb5-4fa4-a97d-d965ccfc6d4b" outcome="Passed" testListId="8c84fa94-04c1-424b-9868-57a2d4851a1d" relativeResultsDirectory="72c7a85c-8bdb-4980-a6a3-4d72d83948e8" />
    <UnitTestResult executionId="58d9e129-ce7c-4273-ad15-4e376d0c8bd1" testId="e2fdfbc5-89ea-0c33-b909-8f18127851bc" testName="RSql4Net.Tests.Models.Queries.ComparisonCharExpressionTest.ShouldBeNotEqualsWithNullable" computerName="macbook-pro-de-gwendall" duration="00:00:00.0018230" startTime="2023-03-18T17:40:07.7021500+01:00" endTime="2023-03-18T17:40:07.7021500+01:00" testType="13cdc9d9-ddb5-4fa4-a97d-d965ccfc6d4b" outcome="Passed" testListId="8c84fa94-04c1-424b-9868-57a2d4851a1d" relativeResultsDirectory="58d9e129-ce7c-4273-ad15-4e376d0c8bd1" />
    <UnitTestResult executionId="d913d67f-49c5-41e7-871b-ad191317bf22" testId="72cc9381-a15d-5922-bf27-2d84a5a1ca3f" testName="RSql4Net.Tests.Models.Paging.PageTest.ShouldBeToThrowArgumentNullExceptionWhenSelectorNull" computerName="macbook-pro-de-gwendall" duration="00:00:00.0086748" startTime="2023-03-18T17:40:07.9864640+01:00" endTime="2023-03-18T17:40:07.9864640+01:00" testType="13cdc9d9-ddb5-4fa4-a97d-d965ccfc6d4b" outcome="Passed" testListId="8c84fa94-04c1-424b-9868-57a2d4851a1d" relativeResultsDirectory="d913d67f-49c5-41e7-871b-ad191317bf22" />
    <UnitTestResult executionId="c1317f1a-696a-412c-989c-82cfc5ad8d6b" testId="5561ee75-021b-bcf6-6b97-ea62352f3bc6" testName="RSql4Net.Tests.Models.Queries.RSqlQueryExpressionHelperTest.ShouldBeGetLkExpressionThrowComparisonTooManyArgumentExceptionTest" computerName="macbook-pro-de-gwendall" duration="00:00:00.1475251" startTime="2023-03-18T17:40:07.4618880+01:00" endTime="2023-03-18T17:40:07.4618880+01:00" testType="13cdc9d9-ddb5-4fa4-a97d-d965ccfc6d4b" outcome="Passed" testListId="8c84fa94-04c1-424b-9868-57a2d4851a1d" relativeResultsDirectory="c1317f1a-696a-412c-989c-82cfc5ad8d6b" />
    <UnitTestResult executionId="43049d51-825c-4f0b-bd26-62c85de95712" testId="673dc0cd-ee2e-6c49-6c45-96fa3c658c5c" testName="RSql4Net.Tests.Models.Queries.ComparisonDateTimeOffsetExpressionTest.ShouldBeGreaterThan" computerName="macbook-pro-de-gwendall" duration="00:00:00.0821025" startTime="2023-03-18T17:40:07.7656210+01:00" endTime="2023-03-18T17:40:07.7656210+01:00" testType="13cdc9d9-ddb5-4fa4-a97d-d965ccfc6d4b" outcome="Passed" testListId="8c84fa94-04c1-424b-9868-57a2d4851a1d" relativeResultsDirectory="43049d51-825c-4f0b-bd26-62c85de95712" />
    <UnitTestResult executionId="07b4b522-6459-4fc9-9497-746d97fc1e36" testId="dc58dee5-2774-9f7e-861c-159f5238182a" testName="RSql4Net.Tests.Models.Queries.ComparisonGuidExpressionTest.ShouldThrowExceptionLowerThanOrEquals" computerName="macbook-pro-de-gwendall" duration="00:00:00.0011172" startTime="2023-03-18T17:40:07.8324380+01:00" endTime="2023-03-18T17:40:07.8324380+01:00" testType="13cdc9d9-ddb5-4fa4-a97d-d965ccfc6d4b" outcome="Passed" testListId="8c84fa94-04c1-424b-9868-57a2d4851a1d" relativeResultsDirectory="07b4b522-6459-4fc9-9497-746d97fc1e36" />
    <UnitTestResult executionId="1bddb403-492a-43e4-941a-2055f75b50b3" testId="de4160cc-baae-7c0d-1b3d-4e61f5b0e450" testName="RSql4Net.Tests.Models.Queries.ComparisonGuidExpressionTest.ShouldThrowExceptionLowerThan" computerName="macbook-pro-de-gwendall" duration="00:00:00.0029244" startTime="2023-03-18T17:40:07.7538170+01:00" endTime="2023-03-18T17:40:07.7538170+01:00" testType="13cdc9d9-ddb5-4fa4-a97d-d965ccfc6d4b" outcome="Passed" testListId="8c84fa94-04c1-424b-9868-57a2d4851a1d" relativeResultsDirectory="1bddb403-492a-43e4-941a-2055f75b50b3" />
    <UnitTestResult executionId="f8b4face-5494-49c8-9628-13f017f29b95" testId="c9fc8e19-7fe1-4dae-2948-7f153faac460" testName="RSql4Net.Tests.Models.Queries.ComparisonBooleanExpressionTest.ShouldThrowExceptionLowerThanOrEquals" computerName="macbook-pro-de-gwendall" duration="00:00:00.0011249" startTime="2023-03-18T17:40:08.3373020+01:00" endTime="2023-03-18T17:40:08.3373020+01:00" testType="13cdc9d9-ddb5-4fa4-a97d-d965ccfc6d4b" outcome="Passed" testListId="8c84fa94-04c1-424b-9868-57a2d4851a1d" relativeResultsDirectory="f8b4face-5494-49c8-9628-13f017f29b95" />
    <UnitTestResult executionId="8de81e1b-c89a-4616-a423-2a60b485413c" testId="7629c11e-c968-70fa-3b6e-79a7ec4fc0ac" testName="RSql4Net.Tests.Models.Queries.ComparisonByteExpressionTest.ShouldBeIn" computerName="macbook-pro-de-gwendall" duration="00:00:00.0032521" startTime="2023-03-18T17:40:08.3198180+01:00" endTime="2023-03-18T17:40:08.3198180+01:00" testType="13cdc9d9-ddb5-4fa4-a97d-d965ccfc6d4b" outcome="Passed" testListId="8c84fa94-04c1-424b-9868-57a2d4851a1d" relativeResultsDirectory="8de81e1b-c89a-4616-a423-2a60b485413c" />
    <UnitTestResult executionId="f97b0044-f4b8-4d65-a8b3-3f56746aa146" testId="a3f3cbbd-d404-4a3a-3ccd-06e0855c516d" testName="RSql4Net.Tests.Models.Queries.QueryModelBinderTest.ShouldBeBindModelAsyncTest" computerName="macbook-pro-de-gwendall" duration="00:00:00.0012555" startTime="2023-03-18T17:40:07.4722380+01:00" endTime="2023-03-18T17:40:07.4722380+01:00" testType="13cdc9d9-ddb5-4fa4-a97d-d965ccfc6d4b" outcome="Passed" testListId="8c84fa94-04c1-424b-9868-57a2d4851a1d" relativeResultsDirectory="f97b0044-f4b8-4d65-a8b3-3f56746aa146" />
    <UnitTestResult executionId="cd155c9d-b849-430e-832f-9a212807daa7" testId="c02368e4-4367-c8e4-2b88-09096a1ba2ed" testName="RSql4Net.Tests.Models.ExpressionValueTest.ShouldBeThrowArgumentNullException" computerName="macbook-pro-de-gwendall" duration="00:00:00.0010713" startTime="2023-03-18T17:40:07.7222740+01:00" endTime="2023-03-18T17:40:07.7222740+01:00" testType="13cdc9d9-ddb5-4fa4-a97d-d965ccfc6d4b" outcome="Passed" testListId="8c84fa94-04c1-424b-9868-57a2d4851a1d" relativeResultsDirectory="cd155c9d-b849-430e-832f-9a212807daa7" />
    <UnitTestResult executionId="b4b68d43-b466-4d5b-93fe-98d6cf997adf" testId="3d4b90ca-d8cd-933f-282f-ad7a1155f43e" testName="RSql4Net.Tests.Models.Paging.Exceptions.UnknownSortExceptionTest.ShouldBeSerializable" computerName="macbook-pro-de-gwendall" duration="00:00:00.0240235" startTime="2023-03-18T17:40:07.6165410+01:00" endTime="2023-03-18T17:40:07.6165410+01:00" testType="13cdc9d9-ddb5-4fa4-a97d-d965ccfc6d4b" outcome="Passed" testListId="8c84fa94-04c1-424b-9868-57a2d4851a1d" relativeResultsDirectory="b4b68d43-b466-4d5b-93fe-98d6cf997adf" />
    <UnitTestResult executionId="0820f7c7-fb98-435f-b5ae-f5c5d3eeedd1" testId="9dc65989-d026-d5a8-777b-84d227940d7b" testName="RSql4Net.Tests.Models.Queries.ComparisonCharExpressionTest.ShouldBeGreaterThan" computerName="macbook-pro-de-gwendall" duration="00:00:00.0070584" startTime="2023-03-18T17:40:07.7808890+01:00" endTime="2023-03-18T17:40:07.7808890+01:00" testType="13cdc9d9-ddb5-4fa4-a97d-d965ccfc6d4b" outcome="Passed" testListId="8c84fa94-04c1-424b-9868-57a2d4851a1d" relativeResultsDirectory="0820f7c7-fb98-435f-b5ae-f5c5d3eeedd1" />
    <UnitTestResult executionId="d4552ace-edb1-47d8-96ac-3b29d0522cc3" testId="52c15d9b-173f-29ba-3907-40dfab5b7ce5" testName="RSql4Net.Tests.Models.Queries.ComparisonInt16ExpressionTest.ShouldBeEquals" computerName="macbook-pro-de-gwendall" duration="00:00:00.0240616" startTime="2023-03-18T17:40:08.0912380+01:00" endTime="2023-03-18T17:40:08.0912380+01:00" testType="13cdc9d9-ddb5-4fa4-a97d-d965ccfc6d4b" outcome="Passed" testListId="8c84fa94-04c1-424b-9868-57a2d4851a1d" relativeResultsDirectory="d4552ace-edb1-47d8-96ac-3b29d0522cc3" />
    <UnitTestResult executionId="c752745c-1fe1-4c4b-95fe-9d45137be716" testId="4b5f86e6-1b06-d66d-f877-35f8ca965ac0" testName="RSql4Net.Tests.Models.Queries.QueryReflectionHelperTest.ShouldBeOverrideProperty(name: &quot;Test2&quot;)" computerName="macbook-pro-de-gwendall" duration="00:00:00.0002328" startTime="2023-03-18T17:40:08.1166260+01:00" endTime="2023-03-18T17:40:08.1166260+01:00" testType="13cdc9d9-ddb5-4fa4-a97d-d965ccfc6d4b" outcome="Passed" testListId="8c84fa94-04c1-424b-9868-57a2d4851a1d" relativeResultsDirectory="c752745c-1fe1-4c4b-95fe-9d45137be716" />
    <UnitTestResult executionId="7e3ae488-53b8-4ad1-b75e-8cd3219ada3c" testId="7e69559c-1ed8-a88d-0a12-79f7d41db660" testName="RSql4Net.Tests.Models.Queries.ComparisonDecimalExpressionTest.ShouldThrowInvalidConversionException" computerName="macbook-pro-de-gwendall" duration="00:00:00.0012749" startTime="2023-03-18T17:40:07.6801040+01:00" endTime="2023-03-18T17:40:07.6801040+01:00" testType="13cdc9d9-ddb5-4fa4-a97d-d965ccfc6d4b" outcome="Passed" testListId="8c84fa94-04c1-424b-9868-57a2d4851a1d" relativeResultsDirectory="7e3ae488-53b8-4ad1-b75e-8cd3219ada3c" />
    <UnitTestResult executionId="3bcd39f4-bf3b-4dde-a6ed-7ad3fb5bf2b9" testId="b2489cf6-7470-6b61-1a1e-aece79dfac81" testName="RSql4Net.Tests.Models.Queries.ComparisonGuidExpressionTest.ShouldBeNotIn" computerName="macbook-pro-de-gwendall" duration="00:00:00.0025515" startTime="2023-03-18T17:40:07.7496930+01:00" endTime="2023-03-18T17:40:07.7496930+01:00" testType="13cdc9d9-ddb5-4fa4-a97d-d965ccfc6d4b" outcome="Passed" testListId="8c84fa94-04c1-424b-9868-57a2d4851a1d" relativeResultsDirectory="3bcd39f4-bf3b-4dde-a6ed-7ad3fb5bf2b9" />
    <UnitTestResult executionId="fb24a84f-eba1-4e6f-8a14-f19ec5fd9156" testId="52bfcf71-0f82-dd58-8692-2c80534e10a0" testName="RSql4Net.Tests.Models.Queries.RSqlQueryExpressionHelperTest.ShouldBeGetOrExpressionThrowArgumentNullExceptionTest" computerName="macbook-pro-de-gwendall" duration="00:00:00.0013828" startTime="2023-03-18T17:40:07.4895990+01:00" endTime="2023-03-18T17:40:07.4895990+01:00" testType="13cdc9d9-ddb5-4fa4-a97d-d965ccfc6d4b" outcome="Passed" testListId="8c84fa94-04c1-424b-9868-57a2d4851a1d" relativeResultsDirectory="fb24a84f-eba1-4e6f-8a14-f19ec5fd9156" />
    <UnitTestResult executionId="ed1437a5-88e4-4090-afa7-4d4c507911aa" testId="735adce3-b0b2-2c8e-4357-26b470213a9c" testName="RSql4Net.Tests.Models.Queries.QueryableExtensionsTests.ShouldBePageWithSortOrderBy" computerName="macbook-pro-de-gwendall" duration="00:00:00.0536033" startTime="2023-03-18T17:40:08.1567400+01:00" endTime="2023-03-18T17:40:08.1567400+01:00" testType="13cdc9d9-ddb5-4fa4-a97d-d965ccfc6d4b" outcome="Passed" testListId="8c84fa94-04c1-424b-9868-57a2d4851a1d" relativeResultsDirectory="ed1437a5-88e4-4090-afa7-4d4c507911aa" />
    <UnitTestResult executionId="795b1948-db9d-4d70-95ea-b8040226f830" testId="d8ebeac3-0d84-9dca-2a44-c87b2a115079" testName="RSql4Net.Tests.Models.Queries.ComparisonDateTimeOffsetExpressionTest.ShouldBeEqualsWithNullable" computerName="macbook-pro-de-gwendall" duration="00:00:00.0061542" startTime="2023-03-18T17:40:07.6141580+01:00" endTime="2023-03-18T17:40:07.6141580+01:00" testType="13cdc9d9-ddb5-4fa4-a97d-d965ccfc6d4b" outcome="Passed" testListId="8c84fa94-04c1-424b-9868-57a2d4851a1d" relativeResultsDirectory="795b1948-db9d-4d70-95ea-b8040226f830" />
    <UnitTestResult executionId="be1e1876-372d-48a1-a5ac-60f9e5735a78" testId="509ca7ba-66f9-f558-66c4-a1ea66b5e1cd" testName="RSql4Net.Tests.Models.Queries.ComparisonByteExpressionTest.ShouldBeNotEqualsWithNullable" computerName="macbook-pro-de-gwendall" duration="00:00:00.0018936" startTime="2023-03-18T17:40:08.2648870+01:00" endTime="2023-03-18T17:40:08.2648870+01:00" testType="13cdc9d9-ddb5-4fa4-a97d-d965ccfc6d4b" outcome="Passed" testListId="8c84fa94-04c1-424b-9868-57a2d4851a1d" relativeResultsDirectory="be1e1876-372d-48a1-a5ac-60f9e5735a78" />
    <UnitTestResult executionId="cabd94d4-f2b9-4838-b0c0-5851d4c6cf20" testId="bfb9be75-e156-c728-d055-d143fb035539" testName="RSql4Net.Tests.Models.Queries.QueryableExtensionsTests.ShouldBePageWithNoSort" computerName="macbook-pro-de-gwendall" duration="00:00:00.0172790" startTime="2023-03-18T17:40:08.1121860+01:00" endTime="2023-03-18T17:40:08.1121860+01:00" testType="13cdc9d9-ddb5-4fa4-a97d-d965ccfc6d4b" outcome="Passed" testListId="8c84fa94-04c1-424b-9868-57a2d4851a1d" relativeResultsDirectory="cabd94d4-f2b9-4838-b0c0-5851d4c6cf20" />
    <UnitTestResult executionId="20db9ec9-ca16-4b95-be52-d91f54e2a12a" testId="193fb7c8-28c0-48c1-0c9d-a05079065f8e" testName="RSql4Net.Tests.Models.Queries.ComparisonFloatExpressionTest.ShouldBeEquals" computerName="macbook-pro-de-gwendall" duration="00:00:00.0036207" startTime="2023-03-18T17:40:08.2870310+01:00" endTime="2023-03-18T17:40:08.2870320+01:00" testType="13cdc9d9-ddb5-4fa4-a97d-d965ccfc6d4b" outcome="Passed" testListId="8c84fa94-04c1-424b-9868-57a2d4851a1d" relativeResultsDirectory="20db9ec9-ca16-4b95-be52-d91f54e2a12a" />
    <UnitTestResult executionId="8070b4d8-720d-4ef2-8e88-cb480ee4743a" testId="68ecc453-40c4-421d-3d93-7fb988c008e3" testName="RSql4Net.Tests.Models.Queries.QueryModelBinderTest.ShouldBeBindModelWithModelErrorAsyncTest" computerName="macbook-pro-de-gwendall" duration="00:00:00.0232225" startTime="2023-03-18T17:40:07.4886770+01:00" endTime="2023-03-18T17:40:07.4886770+01:00" testType="13cdc9d9-ddb5-4fa4-a97d-d965ccfc6d4b" outcome="Passed" testListId="8c84fa94-04c1-424b-9868-57a2d4851a1d" relativeResultsDirectory="8070b4d8-720d-4ef2-8e88-cb480ee4743a" />
    <UnitTestResult executionId="f252e028-839f-4522-83ed-53c23a3a911c" testId="0f6799d5-267a-0236-4374-a0f2b3116681" testName="RSql4Net.Tests.Models.Queries.ComparisonInt16ExpressionTest.ShouldBeNotIn" computerName="macbook-pro-de-gwendall" duration="00:00:00.0029653" startTime="2023-03-18T17:40:08.1941210+01:00" endTime="2023-03-18T17:40:08.1941210+01:00" testType="13cdc9d9-ddb5-4fa4-a97d-d965ccfc6d4b" outcome="Passed" testListId="8c84fa94-04c1-424b-9868-57a2d4851a1d" relativeResultsDirectory="f252e028-839f-4522-83ed-53c23a3a911c" />
    <UnitTestResult executionId="dd3f1a28-634e-4c0e-8196-9b6e67661ae8" testId="e39a6688-7577-8126-182a-a7f2071a1a79" testName="RSql4Net.Tests.Models.Queries.QueryReflectionHelperTest.ShouldBeExcludeProperty(name: &quot;ExcludeProperty&quot;)" computerName="macbook-pro-de-gwendall" duration="00:00:00.0000092" startTime="2023-03-18T17:40:08.1163150+01:00" endTime="2023-03-18T17:40:08.1163150+01:00" testType="13cdc9d9-ddb5-4fa4-a97d-d965ccfc6d4b" outcome="Passed" testListId="8c84fa94-04c1-424b-9868-57a2d4851a1d" relativeResultsDirectory="dd3f1a28-634e-4c0e-8196-9b6e67661ae8" />
    <UnitTestResult executionId="56cab34a-8278-4126-914d-ec03c5af8bc1" testId="f8e9f3f0-aa6f-4953-bd32-d6195a964021" testName="RSql4Net.Tests.SwaggerGen.RSqlOperationFilterTest.ShouldBeWithPageableParameter" computerName="macbook-pro-de-gwendall" duration="00:00:00.0271403" startTime="2023-03-18T17:40:08.1659770+01:00" endTime="2023-03-18T17:40:08.1659770+01:00" testType="13cdc9d9-ddb5-4fa4-a97d-d965ccfc6d4b" outcome="Passed" testListId="8c84fa94-04c1-424b-9868-57a2d4851a1d" relativeResultsDirectory="56cab34a-8278-4126-914d-ec03c5af8bc1" />
    <UnitTestResult executionId="26db8dd2-3ee7-4ce3-b228-40bec1b609c7" testId="da32758c-2aca-0034-4e1b-a3544445a753" testName="RSql4Net.Tests.Models.Queries.ComparisonBooleanExpressionTest.ShouldBeEqualsWithNullable" computerName="macbook-pro-de-gwendall" duration="00:00:00.0028991" startTime="2023-03-18T17:40:08.3449200+01:00" endTime="2023-03-18T17:40:08.3449210+01:00" testType="13cdc9d9-ddb5-4fa4-a97d-d965ccfc6d4b" outcome="Passed" testListId="8c84fa94-04c1-424b-9868-57a2d4851a1d" relativeResultsDirectory="26db8dd2-3ee7-4ce3-b228-40bec1b609c7" />
    <UnitTestResult executionId="61032e97-3ea6-49f3-bef2-097bd0602f92" testId="5f536ca0-5523-ec4e-09ed-e85cfd384058" testName="RSql4Net.Tests.Models.Paging.Exceptions.InvalidSortDirectionExceptionTest.ShouldBeSerializable" computerName="macbook-pro-de-gwendall" duration="00:00:00.0020665" startTime="2023-03-18T17:40:07.5525470+01:00" endTime="2023-03-18T17:40:07.5525470+01:00" testType="13cdc9d9-ddb5-4fa4-a97d-d965ccfc6d4b" outcome="Passed" testListId="8c84fa94-04c1-424b-9868-57a2d4851a1d" relativeResultsDirectory="61032e97-3ea6-49f3-bef2-097bd0602f92" />
    <UnitTestResult executionId="c7f245a4-26e0-4d57-a101-83b0819bb85e" testId="4a510927-80a6-ec2e-bec1-7dda78a5e15d" testName="RSql4Net.Tests.Configuration.SettingsBuilderTest.ShouldBeWithQueryCache" computerName="macbook-pro-de-gwendall" duration="00:00:00.0003219" startTime="2023-03-18T17:40:08.0902740+01:00" endTime="2023-03-18T17:40:08.0902740+01:00" testType="13cdc9d9-ddb5-4fa4-a97d-d965ccfc6d4b" outcome="Passed" testListId="8c84fa94-04c1-424b-9868-57a2d4851a1d" relativeResultsDirectory="c7f245a4-26e0-4d57-a101-83b0819bb85e" />
    <UnitTestResult executionId="0f430c17-d3c8-4ba0-88a2-b6d034359b4b" testId="cfdf5a0b-9a66-94b5-4704-0981832282b6" testName="RSql4Net.Tests.Models.Queries.ComparisonFloatExpressionTest.ShouldBeEqualsWithNullable" computerName="macbook-pro-de-gwendall" duration="00:00:00.0032829" startTime="2023-03-18T17:40:08.2123260+01:00" endTime="2023-03-18T17:40:08.2123260+01:00" testType="13cdc9d9-ddb5-4fa4-a97d-d965ccfc6d4b" outcome="Passed" testListId="8c84fa94-04c1-424b-9868-57a2d4851a1d" relativeResultsDirectory="0f430c17-d3c8-4ba0-88a2-b6d034359b4b" />
    <UnitTestResult executionId="32aac0a8-51ad-46d5-9ade-7d8bdfeac312" testId="db2dc42c-8513-32f0-00d7-7b6ca2ca30b2" testName="RSql4Net.Tests.Models.Paging.Exceptions.InvalidPageSizeValueExceptionTest.ShouldBeSerializable" computerName="macbook-pro-de-gwendall" duration="00:00:00.0277004" startTime="2023-03-18T17:40:07.1838930+01:00" endTime="2023-03-18T17:40:07.1838930+01:00" testType="13cdc9d9-ddb5-4fa4-a97d-d965ccfc6d4b" outcome="Passed" testListId="8c84fa94-04c1-424b-9868-57a2d4851a1d" relativeResultsDirectory="32aac0a8-51ad-46d5-9ade-7d8bdfeac312" />
    <UnitTestResult executionId="8ad9b281-c56f-462d-9800-f8eeb27c7fe6" testId="9716bbbb-31ed-166f-597d-17cab299d937" testName="RSql4Net.Tests.Models.Queries.ComparisonFloatExpressionTest.ShouldBeGreaterThanOrEqualsWithNullable" computerName="macbook-pro-de-gwendall" duration="00:00:00.0029071" startTime="2023-03-18T17:40:08.2431410+01:00" endTime="2023-03-18T17:40:08.2431410+01:00" testType="13cdc9d9-ddb5-4fa4-a97d-d965ccfc6d4b" outcome="Passed" testListId="8c84fa94-04c1-424b-9868-57a2d4851a1d" relativeResultsDirectory="8ad9b281-c56f-462d-9800-f8eeb27c7fe6" />
    <UnitTestResult executionId="1fde49d5-cb54-4de9-a4ad-4538045b25bd" testId="92e5636a-2567-0e25-7b93-7c0d0cc53c3b" testName="RSql4Net.Tests.Models.Queries.ComparisonInt64ExpressionTest.ShouldBeGreaterThanOrEqualsWithNullable" computerName="macbook-pro-de-gwendall" duration="00:00:00.0062864" startTime="2023-03-18T17:40:07.7186470+01:00" endTime="2023-03-18T17:40:07.7186470+01:00" testType="13cdc9d9-ddb5-4fa4-a97d-d965ccfc6d4b" outcome="Passed" testListId="8c84fa94-04c1-424b-9868-57a2d4851a1d" relativeResultsDirectory="1fde49d5-cb54-4de9-a4ad-4538045b25bd" />
    <UnitTestResult executionId="599bd0e3-2863-46f1-8abb-c4dee203c4f4" testId="66dc7c42-c61f-5a7a-8e2d-57b3001fab94" testName="RSql4Net.Tests.Models.Queries.Exceptions.ComparisonNotEnoughArgumentExceptionTest.ShouldBeSerializable" computerName="macbook-pro-de-gwendall" duration="00:00:00.0648896" startTime="2023-03-18T17:40:07.4951550+01:00" endTime="2023-03-18T17:40:07.4951550+01:00" testType="13cdc9d9-ddb5-4fa4-a97d-d965ccfc6d4b" outcome="Passed" testListId="8c84fa94-04c1-424b-9868-57a2d4851a1d" relativeResultsDirectory="599bd0e3-2863-46f1-8abb-c4dee203c4f4" />
    <UnitTestResult executionId="198a2709-24c6-4954-8746-f856082b5281" testId="6bcd031b-4d13-4197-e296-9ce519997277" testName="RSql4Net.Tests.Models.Queries.ComparisonFloatExpressionTest.ShouldBeNotEqualsWithNullable" computerName="macbook-pro-de-gwendall" duration="00:00:00.0037562" startTime="2023-03-18T17:40:08.1929470+01:00" endTime="2023-03-18T17:40:08.1929470+01:00" testType="13cdc9d9-ddb5-4fa4-a97d-d965ccfc6d4b" outcome="Passed" testListId="8c84fa94-04c1-424b-9868-57a2d4851a1d" relativeResultsDirectory="198a2709-24c6-4954-8746-f856082b5281" />
    <UnitTestResult executionId="b54d9179-39b3-47bb-bd58-ff4ea1d05fd1" testId="69f16bda-5d44-eaed-df61-05e7d7d753a5" testName="RSql4Net.Tests.Models.Queries.ComparisonDecimalExpressionTest.ShouldBeNotIn" computerName="macbook-pro-de-gwendall" duration="00:00:00.0159961" startTime="2023-03-18T17:40:07.6731630+01:00" endTime="2023-03-18T17:40:07.6731630+01:00" testType="13cdc9d9-ddb5-4fa4-a97d-d965ccfc6d4b" outcome="Passed" testListId="8c84fa94-04c1-424b-9868-57a2d4851a1d" relativeResultsDirectory="b54d9179-39b3-47bb-bd58-ff4ea1d05fd1" />
    <UnitTestResult executionId="3825736a-b0c9-4681-aeca-595285a06204" testId="368620dd-3899-f455-2f5a-cfb35d815695" testName="RSql4Net.Tests.Models.Paging.PageableTest.ShouldBeThrowInvalidPageNumberValueException" computerName="macbook-pro-de-gwendall" duration="00:00:00.0046409" startTime="2023-03-18T17:40:07.6309750+01:00" endTime="2023-03-18T17:40:07.6309750+01:00" testType="13cdc9d9-ddb5-4fa4-a97d-d965ccfc6d4b" outcome="Passed" testListId="8c84fa94-04c1-424b-9868-57a2d4851a1d" relativeResultsDirectory="3825736a-b0c9-4681-aeca-595285a06204" />
    <UnitTestResult executionId="c055eaf7-e887-495c-9f9b-5225af1e57fc" testId="96616c90-f4b3-0b77-9542-ff7c50c209b0" testName="RSql4Net.Tests.Models.Paging.PageableTest.ShouldBeThrowInvalidPageSizeValueException" computerName="macbook-pro-de-gwendall" duration="00:00:00.0003984" startTime="2023-03-18T17:40:07.6321250+01:00" endTime="2023-03-18T17:40:07.6321250+01:00" testType="13cdc9d9-ddb5-4fa4-a97d-d965ccfc6d4b" outcome="Passed" testListId="8c84fa94-04c1-424b-9868-57a2d4851a1d" relativeResultsDirectory="c055eaf7-e887-495c-9f9b-5225af1e57fc" />
    <UnitTestResult executionId="328c5950-6d75-4c29-9fc4-9fa5aa091307" testId="771fbacf-d6c2-ed74-821f-9010fb13a09b" testName="RSql4Net.Tests.Models.Queries.ComparisonFloatExpressionTest.ShouldBeLowerThan" computerName="macbook-pro-de-gwendall" duration="00:00:00.0018304" startTime="2023-03-18T17:40:08.3019380+01:00" endTime="2023-03-18T17:40:08.3019380+01:00" testType="13cdc9d9-ddb5-4fa4-a97d-d965ccfc6d4b" outcome="Passed" testListId="8c84fa94-04c1-424b-9868-57a2d4851a1d" relativeResultsDirectory="328c5950-6d75-4c29-9fc4-9fa5aa091307" />
    <UnitTestResult executionId="3aa58acd-8d39-4029-9db5-21da0909e4f8" testId="ecbe38e9-2a87-e30d-a4ee-bb9a11341e56" testName="RSql4Net.Tests.SwaggerGen.RSqlOperationFilterTest.ShouldBeThrowArgumentNullException" computerName="macbook-pro-de-gwendall" duration="00:00:00.0242252" startTime="2023-03-18T17:40:08.1388460+01:00" endTime="2023-03-18T17:40:08.1388460+01:00" testType="13cdc9d9-ddb5-4fa4-a97d-d965ccfc6d4b" outcome="Passed" testListId="8c84fa94-04c1-424b-9868-57a2d4851a1d" relativeResultsDirectory="3aa58acd-8d39-4029-9db5-21da0909e4f8" />
    <UnitTestResult executionId="550a0625-9d56-45cb-a093-b5b79f6438e2" testId="11f864b4-5c37-6aec-c79b-ec82933d5762" testName="RSql4Net.Tests.Models.Queries.QueryModelBinderProviderTest.ShouldBeNotQueryModelBinder" computerName="macbook-pro-de-gwendall" duration="00:00:00.0001999" startTime="2023-03-18T17:40:08.0909910+01:00" endTime="2023-03-18T17:40:08.0909910+01:00" testType="13cdc9d9-ddb5-4fa4-a97d-d965ccfc6d4b" outcome="Passed" testListId="8c84fa94-04c1-424b-9868-57a2d4851a1d" relativeResultsDirectory="550a0625-9d56-45cb-a093-b5b79f6438e2" />
    <UnitTestResult executionId="2053256e-4c26-4672-a8ba-0b7b29283549" testId="856cbc78-ccc0-4ffe-a615-c8092f11d9a7" testName="RSql4Net.Tests.Controllers.ControllerBaseExtensionsTest.ShouldBeAllContent" computerName="macbook-pro-de-gwendall" duration="00:00:00.0072462" startTime="2023-03-18T17:40:07.9083810+01:00" endTime="2023-03-18T17:40:07.9083810+01:00" testType="13cdc9d9-ddb5-4fa4-a97d-d965ccfc6d4b" outcome="Passed" testListId="8c84fa94-04c1-424b-9868-57a2d4851a1d" relativeResultsDirectory="2053256e-4c26-4672-a8ba-0b7b29283549" />
    <UnitTestResult executionId="01f83c98-d84d-485c-90f0-86a1ccc476fa" testId="74c3559d-0331-15b4-d746-a0cbb2313079" testName="RSql4Net.Tests.Models.Queries.ComparisonInt32ExpressionTest.ShouldBeLowerThanOrEquals" computerName="macbook-pro-de-gwendall" duration="00:00:00.0037919" startTime="2023-03-18T17:40:07.9313240+01:00" endTime="2023-03-18T17:40:07.9313240+01:00" testType="13cdc9d9-ddb5-4fa4-a97d-d965ccfc6d4b" outcome="Passed" testListId="8c84fa94-04c1-424b-9868-57a2d4851a1d" relativeResultsDirectory="01f83c98-d84d-485c-90f0-86a1ccc476fa" />
    <UnitTestResult executionId="009444fe-24da-4ba8-ac56-37ffed59daf1" testId="e3a30fa0-8414-9724-f45f-ee097fc56503" testName="RSql4Net.Tests.Models.Queries.ComparisonDoubleExpressionTest.ShouldBeLowerThanOrEquals" computerName="macbook-pro-de-gwendall" duration="00:00:00.0026448" startTime="2023-03-18T17:40:08.2930740+01:00" endTime="2023-03-18T17:40:08.2930740+01:00" testType="13cdc9d9-ddb5-4fa4-a97d-d965ccfc6d4b" outcome="Passed" testListId="8c84fa94-04c1-424b-9868-57a2d4851a1d" relativeResultsDirectory="009444fe-24da-4ba8-ac56-37ffed59daf1" />
    <UnitTestResult executionId="00e0b8c4-0782-44e0-be57-ee7cc1788a0e" testId="853714e0-e5bb-5d43-8372-e1c9134ad6f9" testName="RSql4Net.Tests.Models.Queries.ComparisonInt32ExpressionTest.ShouldBeNotEqualsWithNullable" computerName="macbook-pro-de-gwendall" duration="00:00:00.0022897" startTime="2023-03-18T17:40:08.0841920+01:00" endTime="2023-03-18T17:40:08.0841920+01:00" testType="13cdc9d9-ddb5-4fa4-a97d-d965ccfc6d4b" outcome="Passed" testListId="8c84fa94-04c1-424b-9868-57a2d4851a1d" relativeResultsDirectory="00e0b8c4-0782-44e0-be57-ee7cc1788a0e" />
    <UnitTestResult executionId="9e362736-5e1d-4566-8b4e-b0dbf25c8592" testId="ff84ba60-73ee-f58e-ff14-f6ff32f00c52" testName="RSql4Net.Tests.Models.Queries.ComparisonCharExpressionTest.ShouldThrowInvalidConversionException" computerName="macbook-pro-de-gwendall" duration="00:00:00.0028153" startTime="2023-03-18T17:40:07.6690010+01:00" endTime="2023-03-18T17:40:07.6690010+01:00" testType="13cdc9d9-ddb5-4fa4-a97d-d965ccfc6d4b" outcome="Passed" testListId="8c84fa94-04c1-424b-9868-57a2d4851a1d" relativeResultsDirectory="9e362736-5e1d-4566-8b4e-b0dbf25c8592" />
    <UnitTestResult executionId="c9265171-0468-494c-a80c-276dbd42f55d" testId="8a3e1047-d3fd-348b-973f-c2604614ed87" testName="RSql4Net.Tests.Models.Queries.ComparisonBooleanExpressionTest.ShouldBeIn" computerName="macbook-pro-de-gwendall" duration="00:00:00.0024210" startTime="2023-03-18T17:40:08.3421490+01:00" endTime="2023-03-18T17:40:08.3421490+01:00" testType="13cdc9d9-ddb5-4fa4-a97d-d965ccfc6d4b" outcome="Passed" testListId="8c84fa94-04c1-424b-9868-57a2d4851a1d" relativeResultsDirectory="c9265171-0468-494c-a80c-276dbd42f55d" />
    <UnitTestResult executionId="d664d484-2e5d-4c08-8ab4-d5edee85e8b2" testId="31e9ac34-6605-c9fa-d8c4-c999af4840c0" testName="RSql4Net.Tests.Models.Paging.PageTest.ShouldBeWithEmptyPage" computerName="macbook-pro-de-gwendall" duration="00:00:00.0159721" startTime="2023-03-18T17:40:07.9808400+01:00" endTime="2023-03-18T17:40:07.9808400+01:00" testType="13cdc9d9-ddb5-4fa4-a97d-d965ccfc6d4b" outcome="Passed" testListId="8c84fa94-04c1-424b-9868-57a2d4851a1d" relativeResultsDirectory="d664d484-2e5d-4c08-8ab4-d5edee85e8b2" />
    <UnitTestResult executionId="b30f460a-e84b-4e83-a485-f09eeccebeb7" testId="4a7ec0fd-5627-ffef-89ef-bcf030bab2b9" testName="RSql4Net.Tests.Models.Queries.RSqlQueryExpressionHelperTest.ShouldBeTrue" computerName="macbook-pro-de-gwendall" duration="00:00:00.0011359" startTime="2023-03-18T17:40:07.4882700+01:00" endTime="2023-03-18T17:40:07.4882700+01:00" testType="13cdc9d9-ddb5-4fa4-a97d-d965ccfc6d4b" outcome="Passed" testListId="8c84fa94-04c1-424b-9868-57a2d4851a1d" relativeResultsDirectory="b30f460a-e84b-4e83-a485-f09eeccebeb7" />
    <UnitTestResult executionId="eed2ecaf-0992-49b7-946d-52ce3dc13409" testId="29dc812f-8379-42ae-cc5e-acf89e970461" testName="RSql4Net.Tests.Models.Paging.PageableModelBinderProviderTest.ShouldBeWithClassPageableModelBinder" computerName="macbook-pro-de-gwendall" duration="00:00:00.0044123" startTime="2023-03-18T17:40:07.4279910+01:00" endTime="2023-03-18T17:40:07.4279910+01:00" testType="13cdc9d9-ddb5-4fa4-a97d-d965ccfc6d4b" outcome="Passed" testListId="8c84fa94-04c1-424b-9868-57a2d4851a1d" relativeResultsDirectory="eed2ecaf-0992-49b7-946d-52ce3dc13409" />
    <UnitTestResult executionId="1ea7b2d1-bcd3-402b-9a70-2c7be1a63389" testId="60fb77df-7ea3-45d6-087c-7d64ca76d05c" testName="RSql4Net.Tests.Models.Queries.ComparisonInt32ExpressionTest.ShouldBeLowerThanWithNullable" computerName="macbook-pro-de-gwendall" duration="00:00:00.0024154" startTime="2023-03-18T17:40:07.9065750+01:00" endTime="2023-03-18T17:40:07.9065750+01:00" testType="13cdc9d9-ddb5-4fa4-a97d-d965ccfc6d4b" outcome="Passed" testListId="8c84fa94-04c1-424b-9868-57a2d4851a1d" relativeResultsDirectory="1ea7b2d1-bcd3-402b-9a70-2c7be1a63389" />
    <UnitTestResult executionId="9c8af784-b335-4f85-b2b5-770b32a957b0" testId="a6eba466-5e1f-6fdb-5792-f9a7a607a018" testName="RSql4Net.Tests.Models.Queries.ComparisonInt32ExpressionTest.ShouldBeLowerThanOrEqualsWithNullable" computerName="macbook-pro-de-gwendall" duration="00:00:00.0022602" startTime="2023-03-18T17:40:08.0822940+01:00" endTime="2023-03-18T17:40:08.0822940+01:00" testType="13cdc9d9-ddb5-4fa4-a97d-d965ccfc6d4b" outcome="Passed" testListId="8c84fa94-04c1-424b-9868-57a2d4851a1d" relativeResultsDirectory="9c8af784-b335-4f85-b2b5-770b32a957b0" />
    <UnitTestResult executionId="1fd70d18-a823-4a7e-ac10-b2baadaf6a9d" testId="744d69bb-be6f-cce1-9e11-d9ca45bacefa" testName="RSql4Net.Tests.Configuration.SettingsBuilderTest.ShouldBeWithOnCreateCacheEntry" computerName="macbook-pro-de-gwendall" duration="00:00:00.0003074" startTime="2023-03-18T17:40:08.0856350+01:00" endTime="2023-03-18T17:40:08.0856360+01:00" testType="13cdc9d9-ddb5-4fa4-a97d-d965ccfc6d4b" outcome="Passed" testListId="8c84fa94-04c1-424b-9868-57a2d4851a1d" relativeResultsDirectory="1fd70d18-a823-4a7e-ac10-b2baadaf6a9d" />
    <UnitTestResult executionId="fce1f593-846a-4437-9ee4-60005c31d676" testId="2a92043b-a354-182c-2c5b-fa1531c31365" testName="RSql4Net.Tests.Models.Queries.ComparisonDecimalExpressionTest.ShouldBeLowerThanWithNullable" computerName="macbook-pro-de-gwendall" duration="00:00:00.0035056" startTime="2023-03-18T17:40:07.7027420+01:00" endTime="2023-03-18T17:40:07.7027420+01:00" testType="13cdc9d9-ddb5-4fa4-a97d-d965ccfc6d4b" outcome="Passed" testListId="8c84fa94-04c1-424b-9868-57a2d4851a1d" relativeResultsDirectory="fce1f593-846a-4437-9ee4-60005c31d676" />
    <UnitTestResult executionId="d7257721-2612-437b-ada2-da1381c78c73" testId="fa4b2431-c6a7-e3fd-330a-e6f2f21e4772" testName="RSql4Net.Tests.Models.Queries.ComparisonByteExpressionTest.ShouldBeLowerThanOrEquals" computerName="macbook-pro-de-gwendall" duration="00:00:00.0031989" startTime="2023-03-18T17:40:08.2778390+01:00" endTime="2023-03-18T17:40:08.2778390+01:00" testType="13cdc9d9-ddb5-4fa4-a97d-d965ccfc6d4b" outcome="Passed" testListId="8c84fa94-04c1-424b-9868-57a2d4851a1d" relativeResultsDirectory="d7257721-2612-437b-ada2-da1381c78c73" />
    <UnitTestResult executionId="192b39ca-a6c6-47e0-9f04-4345d51a8f93" testId="5086caa7-d2ab-2c2e-59b5-e07ae72bc9ae" testName="RSql4Net.Tests.Models.Queries.ComparisonInt64ExpressionTest.ShouldBeEqualsWithNullable" computerName="macbook-pro-de-gwendall" duration="00:00:00.0196848" startTime="2023-03-18T17:40:07.7132760+01:00" endTime="2023-03-18T17:40:07.7132760+01:00" testType="13cdc9d9-ddb5-4fa4-a97d-d965ccfc6d4b" outcome="Passed" testListId="8c84fa94-04c1-424b-9868-57a2d4851a1d" relativeResultsDirectory="192b39ca-a6c6-47e0-9f04-4345d51a8f93" />
    <UnitTestResult executionId="5ed93238-d3d7-4ed0-a848-0c7697587c01" testId="958c6825-7d5d-6be0-d7ca-dbe465832ca1" testName="RSql4Net.Tests.Models.Queries.Exceptions.ComparisonUnknownSelectorExceptionTest.ShouldBeSerializable" computerName="macbook-pro-de-gwendall" duration="00:00:00.0023235" startTime="2023-03-18T17:40:07.5497250+01:00" endTime="2023-03-18T17:40:07.5497260+01:00" testType="13cdc9d9-ddb5-4fa4-a97d-d965ccfc6d4b" outcome="Passed" testListId="8c84fa94-04c1-424b-9868-57a2d4851a1d" relativeResultsDirectory="5ed93238-d3d7-4ed0-a848-0c7697587c01" />
    <UnitTestResult executionId="000bc61b-7215-4feb-a2a2-4d1afc0abdf7" testId="1512b94e-ee7a-489c-9ffe-e99563ea200c" testName="RSql4Net.Tests.Models.Queries.ComparisonDecimalExpressionTest.ShouldBeNotEquals" computerName="macbook-pro-de-gwendall" duration="00:00:00.0032728" startTime="2023-03-18T17:40:07.7242800+01:00" endTime="2023-03-18T17:40:07.7242800+01:00" testType="13cdc9d9-ddb5-4fa4-a97d-d965ccfc6d4b" outcome="Passed" testListId="8c84fa94-04c1-424b-9868-57a2d4851a1d" relativeResultsDirectory="000bc61b-7215-4feb-a2a2-4d1afc0abdf7" />
    <UnitTestResult executionId="7f61896d-c626-48a8-8cd9-b43f87ce4912" testId="160e072b-221f-9c2e-d3ad-54710abe6587" testName="RSql4Net.Tests.Models.Queries.Exceptions.QueryErrorNodeExceptionTest.ShouldBeSerializable" computerName="macbook-pro-de-gwendall" duration="00:00:00.0019106" startTime="2023-03-18T17:40:08.1375930+01:00" endTime="2023-03-18T17:40:08.1375930+01:00" testType="13cdc9d9-ddb5-4fa4-a97d-d965ccfc6d4b" outcome="Passed" testListId="8c84fa94-04c1-424b-9868-57a2d4851a1d" relativeResultsDirectory="7f61896d-c626-48a8-8cd9-b43f87ce4912" />
    <UnitTestResult executionId="d92dd8ae-7c66-49b4-9821-aa2e325b3e96" testId="fcd4c0ab-d801-ad3a-0486-deafaafe1312" testName="RSql4Net.Tests.Models.Queries.ComparisonDecimalExpressionTest.ShouldBeEqualsWithNullable" computerName="macbook-pro-de-gwendall" duration="00:00:00.0126391" startTime="2023-03-18T17:40:07.6913580+01:00" endTime="2023-03-18T17:40:07.6913580+01:00" testType="13cdc9d9-ddb5-4fa4-a97d-d965ccfc6d4b" outcome="Passed" testListId="8c84fa94-04c1-424b-9868-57a2d4851a1d" relativeResultsDirectory="d92dd8ae-7c66-49b4-9821-aa2e325b3e96" />
    <UnitTestResult executionId="8173f589-4feb-44c8-bfc6-cf395cfecd39" testId="47bafd0f-4ea8-d79e-a3a1-e034829fdf0e" testName="RSql4Net.Tests.Models.Queries.ComparisonInt16ExpressionTest.ShouldBeGreaterThan" computerName="macbook-pro-de-gwendall" duration="00:00:00.0022182" startTime="2023-03-18T17:40:08.0813750+01:00" endTime="2023-03-18T17:40:08.0813760+01:00" testType="13cdc9d9-ddb5-4fa4-a97d-d965ccfc6d4b" outcome="Passed" testListId="8c84fa94-04c1-424b-9868-57a2d4851a1d" relativeResultsDirectory="8173f589-4feb-44c8-bfc6-cf395cfecd39" />
    <UnitTestResult executionId="a8215ffc-bfdd-43fe-95ea-ba3f3e87bcb6" testId="a6e5f062-8922-ab2d-036b-8db1754b9461" testName="RSql4Net.Tests.Models.Queries.ComparisonInt64ExpressionTest.ShouldBeNotEquals" computerName="macbook-pro-de-gwendall" duration="00:00:00.0014434" startTime="2023-03-18T17:40:07.6910030+01:00" endTime="2023-03-18T17:40:07.6910030+01:00" testType="13cdc9d9-ddb5-4fa4-a97d-d965ccfc6d4b" outcome="Passed" testListId="8c84fa94-04c1-424b-9868-57a2d4851a1d" relativeResultsDirectory="a8215ffc-bfdd-43fe-95ea-ba3f3e87bcb6" />
    <UnitTestResult executionId="9cb3a297-faf3-4da7-b3cb-e5deac396a48" testId="539000c1-50b2-78d9-85ce-c10ec3411f0d" testName="RSql4Net.Tests.Models.Queries.ComparisonDateTimeOffsetExpressionTest.ShouldThrowInvalidConversionException" computerName="macbook-pro-de-gwendall" duration="00:00:00.0018128" startTime="2023-03-18T17:40:07.6092110+01:00" endTime="2023-03-18T17:40:07.6092110+01:00" testType="13cdc9d9-ddb5-4fa4-a97d-d965ccfc6d4b" outcome="Passed" testListId="8c84fa94-04c1-424b-9868-57a2d4851a1d" relativeResultsDirectory="9cb3a297-faf3-4da7-b3cb-e5deac396a48" />
    <UnitTestResult executionId="8377c51e-3cd9-4e14-9220-c1c34f0db63a" testId="4ba015fd-b684-52d9-eb3d-37b09d418759" testName="RSql4Net.Tests.ServiceCollectionExtensionsTest.ShouldBeWithRSql" computerName="macbook-pro-de-gwendall" duration="00:00:00.2683660" startTime="2023-03-18T17:40:07.4188900+01:00" endTime="2023-03-18T17:40:07.4188900+01:00" testType="13cdc9d9-ddb5-4fa4-a97d-d965ccfc6d4b" outcome="Passed" testListId="8c84fa94-04c1-424b-9868-57a2d4851a1d" relativeResultsDirectory="8377c51e-3cd9-4e14-9220-c1c34f0db63a" />
    <UnitTestResult executionId="6e5ceec0-e2be-44f5-a32b-deef652c9e3e" testId="b62a27ca-a9b5-9b83-8f3f-a84d8bff9d6d" testName="RSql4Net.Tests.Models.Queries.ComparisonCharExpressionTest.ShouldBeNotInNullable" computerName="macbook-pro-de-gwendall" duration="00:00:00.0070957" startTime="2023-03-18T17:40:07.6393030+01:00" endTime="2023-03-18T17:40:07.6393030+01:00" testType="13cdc9d9-ddb5-4fa4-a97d-d965ccfc6d4b" outcome="Passed" testListId="8c84fa94-04c1-424b-9868-57a2d4851a1d" relativeResultsDirectory="6e5ceec0-e2be-44f5-a32b-deef652c9e3e" />
    <UnitTestResult executionId="50979b54-64c3-40a9-9d9b-ff1bd9e8ec6e" testId="881101fe-bb06-6c04-ddf4-9ecb365f97d5" testName="RSql4Net.Tests.Models.Queries.ComparisonDateTimeExpressionTest.ShouldBeEquals" computerName="macbook-pro-de-gwendall" duration="00:00:00.0482627" startTime="2023-03-18T17:40:07.9327560+01:00" endTime="2023-03-18T17:40:07.9327560+01:00" testType="13cdc9d9-ddb5-4fa4-a97d-d965ccfc6d4b" outcome="Passed" testListId="8c84fa94-04c1-424b-9868-57a2d4851a1d" relativeResultsDirectory="50979b54-64c3-40a9-9d9b-ff1bd9e8ec6e" />
    <UnitTestResult executionId="a2402ef9-72c7-4da2-aee0-f24194e9f938" testId="9c8e7fb1-c901-dbe0-6673-94353f3f4b70" testName="RSql4Net.Tests.Models.Queries.ComparisonEnumExpressionTest.ShouldBeNotEquals" computerName="macbook-pro-de-gwendall" duration="00:00:00.0011485" startTime="2023-03-18T17:40:08.3221960+01:00" endTime="2023-03-18T17:40:08.3221960+01:00" testType="13cdc9d9-ddb5-4fa4-a97d-d965ccfc6d4b" outcome="Passed" testListId="8c84fa94-04c1-424b-9868-57a2d4851a1d" relativeResultsDirectory="a2402ef9-72c7-4da2-aee0-f24194e9f938" />
    <UnitTestResult executionId="7ceda5dd-aa83-48fc-a726-ba0a519cee31" testId="bf1c9c74-340a-07e7-5c33-6766c9e09db8" testName="RSql4Net.Tests.Models.Queries.ComparisonDateTimeOffsetExpressionTest.ShouldBeGreaterThanOrEquals" computerName="macbook-pro-de-gwendall" duration="00:00:00.0064467" startTime="2023-03-18T17:40:07.6341420+01:00" endTime="2023-03-18T17:40:07.6341420+01:00" testType="13cdc9d9-ddb5-4fa4-a97d-d965ccfc6d4b" outcome="Passed" testListId="8c84fa94-04c1-424b-9868-57a2d4851a1d" relativeResultsDirectory="7ceda5dd-aa83-48fc-a726-ba0a519cee31" />
    <UnitTestResult executionId="c6651ab6-ecec-4ddc-883d-e7e4777b6b29" testId="007b0408-717d-c4ad-14bd-00cc96290524" testName="RSql4Net.Tests.Models.Queries.ComparisonStringExpressionTest.ShouldThrowExceptionGreaterThan" computerName="macbook-pro-de-gwendall" duration="00:00:00.0008200" startTime="2023-03-18T17:40:08.1115640+01:00" endTime="2023-03-18T17:40:08.1115650+01:00" testType="13cdc9d9-ddb5-4fa4-a97d-d965ccfc6d4b" outcome="Passed" testListId="8c84fa94-04c1-424b-9868-57a2d4851a1d" relativeResultsDirectory="c6651ab6-ecec-4ddc-883d-e7e4777b6b29" />
    <UnitTestResult executionId="71a64b8b-f4f6-4b9d-ab74-af9623890147" testId="6e6d29a0-fe2e-c32d-aa06-8f2675cfb956" testName="RSql4Net.Tests.Models.Queries.ComparisonCharExpressionTest.ShouldBeInNullable" computerName="macbook-pro-de-gwendall" duration="00:00:00.0107860" startTime="2023-03-18T17:40:07.7087780+01:00" endTime="2023-03-18T17:40:07.7087790+01:00" testType="13cdc9d9-ddb5-4fa4-a97d-d965ccfc6d4b" outcome="Passed" testListId="8c84fa94-04c1-424b-9868-57a2d4851a1d" relativeResultsDirectory="71a64b8b-f4f6-4b9d-ab74-af9623890147" />
    <UnitTestResult executionId="fe8f0686-e8fc-487a-8335-9bbae621a260" testId="07105369-0a74-1a34-a8e3-ef03c52013a1" testName="RSql4Net.Tests.Models.Queries.ComparisonGuidExpressionTest.ShouldBeEqualsWithNullable" computerName="macbook-pro-de-gwendall" duration="00:00:00.0246595" startTime="2023-03-18T17:40:07.8297040+01:00" endTime="2023-03-18T17:40:07.8297040+01:00" testType="13cdc9d9-ddb5-4fa4-a97d-d965ccfc6d4b" outcome="Passed" testListId="8c84fa94-04c1-424b-9868-57a2d4851a1d" relativeResultsDirectory="fe8f0686-e8fc-487a-8335-9bbae621a260" />
    <UnitTestResult executionId="af4bbdfb-6493-40cc-9f9c-48c45ea4d4c4" testId="b71b092e-4445-ea49-9cee-eed0077aca04" testName="RSql4Net.Tests.Models.Queries.ComparisonDateTimeOffsetExpressionTest.ShouldBeLowerThanOrEqualsWithNullable" computerName="macbook-pro-de-gwendall" duration="00:00:00.0056617" startTime="2023-03-18T17:40:07.5284550+01:00" endTime="2023-03-18T17:40:07.5284550+01:00" testType="13cdc9d9-ddb5-4fa4-a97d-d965ccfc6d4b" outcome="Passed" testListId="8c84fa94-04c1-424b-9868-57a2d4851a1d" relativeResultsDirectory="af4bbdfb-6493-40cc-9f9c-48c45ea4d4c4" />
    <UnitTestResult executionId="eb34256f-a54e-40c7-9162-a3235b52b6bb" testId="e96d5a4e-3361-11a8-df54-2cbff1fab841" testName="RSql4Net.Tests.Models.Queries.ComparisonEnumExpressionTest.ShouldBeIn" computerName="macbook-pro-de-gwendall" duration="00:00:00.0018633" startTime="2023-03-18T17:40:08.3444670+01:00" endTime="2023-03-18T17:40:08.3444680+01:00" testType="13cdc9d9-ddb5-4fa4-a97d-d965ccfc6d4b" outcome="Passed" testListId="8c84fa94-04c1-424b-9868-57a2d4851a1d" relativeResultsDirectory="eb34256f-a54e-40c7-9162-a3235b52b6bb" />
    <UnitTestResult executionId="aa2cf38e-dad2-4c47-93a6-15437b0af29c" testId="eb0568de-7634-e538-e1c9-fd881e45d772" testName="RSql4Net.Tests.Models.Queries.QueryReflectionHelperTest.ShouldBeParentProperty" computerName="macbook-pro-de-gwendall" duration="00:00:00.0003449" startTime="2023-03-18T17:40:08.1172390+01:00" endTime="2023-03-18T17:40:08.1172390+01:00" testType="13cdc9d9-ddb5-4fa4-a97d-d965ccfc6d4b" outcome="Passed" testListId="8c84fa94-04c1-424b-9868-57a2d4851a1d" relativeResultsDirectory="aa2cf38e-dad2-4c47-93a6-15437b0af29c" />
    <UnitTestResult executionId="bc2fd84e-6bd3-43c3-bf94-53ec879dfb00" testId="f629f68a-ae3b-d20c-1e5a-18bbe3f1b054" testName="RSql4Net.Tests.Models.Queries.ComparisonDateTimeExpressionTest.ShouldBeInNullable" computerName="macbook-pro-de-gwendall" duration="00:00:00.0016907" startTime="2023-03-18T17:40:08.1155180+01:00" endTime="2023-03-18T17:40:08.1155180+01:00" testType="13cdc9d9-ddb5-4fa4-a97d-d965ccfc6d4b" outcome="Passed" testListId="8c84fa94-04c1-424b-9868-57a2d4851a1d" relativeResultsDirectory="bc2fd84e-6bd3-43c3-bf94-53ec879dfb00" />
    <UnitTestResult executionId="f40cf451-37df-4a66-a0b2-560e4ae085de" testId="442bfcd2-1448-2a9e-d382-e1388e5fdee5" testName="RSql4Net.Tests.Models.Queries.ComparisonDateTimeOffsetExpressionTest.ShouldBeIn" computerName="macbook-pro-de-gwendall" duration="00:00:00.0158074" startTime="2023-03-18T17:40:07.6065030+01:00" endTime="2023-03-18T17:40:07.6065030+01:00" testType="13cdc9d9-ddb5-4fa4-a97d-d965ccfc6d4b" outcome="Passed" testListId="8c84fa94-04c1-424b-9868-57a2d4851a1d" relativeResultsDirectory="f40cf451-37df-4a66-a0b2-560e4ae085de" />
    <UnitTestResult executionId="04265f90-4f91-4bee-b57b-019f82b5efd1" testId="ee6c41d7-10e3-3374-52e5-e16f0a493e1b" testName="RSql4Net.Tests.Models.Queries.ComparisonInt64ExpressionTest.ShouldBeLowerThanWithNullable" computerName="macbook-pro-de-gwendall" duration="00:00:00.0025644" startTime="2023-03-18T17:40:07.6608320+01:00" endTime="2023-03-18T17:40:07.6608320+01:00" testType="13cdc9d9-ddb5-4fa4-a97d-d965ccfc6d4b" outcome="Passed" testListId="8c84fa94-04c1-424b-9868-57a2d4851a1d" relativeResultsDirectory="04265f90-4f91-4bee-b57b-019f82b5efd1" />
    <UnitTestResult executionId="081b6c16-4816-4c56-b411-87f863d55a82" testId="0ca148e7-37bf-37e7-b4ce-63e21a75aaec" testName="RSql4Net.Tests.Models.Paging.Exceptions.InvalidPageSizeValueExceptionTest.ShouldBeInvalidPageSizeValueException" computerName="macbook-pro-de-gwendall" duration="00:00:00.1327564" startTime="2023-03-18T17:40:07.2955280+01:00" endTime="2023-03-18T17:40:07.2955280+01:00" testType="13cdc9d9-ddb5-4fa4-a97d-d965ccfc6d4b" outcome="Passed" testListId="8c84fa94-04c1-424b-9868-57a2d4851a1d" relativeResultsDirectory="081b6c16-4816-4c56-b411-87f863d55a82" />
    <UnitTestResult executionId="5db823b6-db5e-45b5-b496-2568a80a15cb" testId="f5ca4854-6bdc-cd8b-b916-6dbc97333176" testName="RSql4Net.Tests.Models.Queries.ComparisonBooleanExpressionTest.ShouldBeNotEquals" computerName="macbook-pro-de-gwendall" duration="00:00:00.0017420" startTime="2023-03-18T17:40:08.3541120+01:00" endTime="2023-03-18T17:40:08.3541120+01:00" testType="13cdc9d9-ddb5-4fa4-a97d-d965ccfc6d4b" outcome="Passed" testListId="8c84fa94-04c1-424b-9868-57a2d4851a1d" relativeResultsDirectory="5db823b6-db5e-45b5-b496-2568a80a15cb" />
    <UnitTestResult executionId="4fa5a485-71e1-440e-bbc8-94657c818759" testId="b059f0a5-b299-aea8-3c6a-1a757e316b82" testName="RSql4Net.Tests.Models.Paging.PageableModelBinderTest.ShouldBeValidPageNumber" computerName="macbook-pro-de-gwendall" duration="00:00:00.0441104" startTime="2023-03-18T17:40:08.0201710+01:00" endTime="2023-03-18T17:40:08.0201710+01:00" testType="13cdc9d9-ddb5-4fa4-a97d-d965ccfc6d4b" outcome="Passed" testListId="8c84fa94-04c1-424b-9868-57a2d4851a1d" relativeResultsDirectory="4fa5a485-71e1-440e-bbc8-94657c818759" />
    <UnitTestResult executionId="968cace7-fc2f-4470-baeb-861f64e916b8" testId="ce9307b3-6db3-89f6-7b25-49c11e5dd57d" testName="RSql4Net.Tests.Models.Paging.PageableModelBinderTest.ShouldBeThrowArgumentNullException" computerName="macbook-pro-de-gwendall" duration="00:00:00.0363530" startTime="2023-03-18T17:40:07.9531460+01:00" endTime="2023-03-18T17:40:07.9531460+01:00" testType="13cdc9d9-ddb5-4fa4-a97d-d965ccfc6d4b" outcome="Passed" testListId="8c84fa94-04c1-424b-9868-57a2d4851a1d" relativeResultsDirectory="968cace7-fc2f-4470-baeb-861f64e916b8" />
    <UnitTestResult executionId="01c570c8-f6b3-40d8-b220-87f77ce3c558" testId="cb6af9fd-8a7c-032d-f613-5b83edab5762" testName="RSql4Net.Tests.Models.Queries.ComparisonInt32ExpressionTest.ShouldBeEqualsWithNullable" computerName="macbook-pro-de-gwendall" duration="00:00:00.0032458" startTime="2023-03-18T17:40:07.8989780+01:00" endTime="2023-03-18T17:40:07.8989790+01:00" testType="13cdc9d9-ddb5-4fa4-a97d-d965ccfc6d4b" outcome="Passed" testListId="8c84fa94-04c1-424b-9868-57a2d4851a1d" relativeResultsDirectory="01c570c8-f6b3-40d8-b220-87f77ce3c558" />
    <UnitTestResult executionId="48024ad3-e6de-4794-a6d7-661c30017f27" testId="54cccfa1-7a12-9e1a-d286-9c3be319f95f" testName="RSql4Net.Tests.Models.Queries.ComparisonInt64ExpressionTest.ShouldBeGreaterThan" computerName="macbook-pro-de-gwendall" duration="00:00:00.0172870" startTime="2023-03-18T17:40:07.5730110+01:00" endTime="2023-03-18T17:40:07.5730110+01:00" testType="13cdc9d9-ddb5-4fa4-a97d-d965ccfc6d4b" outcome="Passed" testListId="8c84fa94-04c1-424b-9868-57a2d4851a1d" relativeResultsDirectory="48024ad3-e6de-4794-a6d7-661c30017f27" />
    <UnitTestResult executionId="53bc7e7c-d449-4037-9a56-b628b7738a66" testId="6cb80eab-2155-3e32-4075-3a124947a278" testName="RSql4Net.Tests.Models.Queries.ComparisonDateTimeOffsetExpressionTest.ShouldBeNotIn" computerName="macbook-pro-de-gwendall" duration="00:00:00.0316530" startTime="2023-03-18T17:40:07.5213760+01:00" endTime="2023-03-18T17:40:07.5213760+01:00" testType="13cdc9d9-ddb5-4fa4-a97d-d965ccfc6d4b" outcome="Passed" testListId="8c84fa94-04c1-424b-9868-57a2d4851a1d" relativeResultsDirectory="53bc7e7c-d449-4037-9a56-b628b7738a66" />
    <UnitTestResult executionId="9827fb1f-45f1-45d6-87a5-597f6d42d44f" testId="d4c12bd2-c459-ae76-55bd-f5a51cf9c1a3" testName="RSql4Net.Tests.Models.Queries.Exceptions.InvalidConversionExceptionTest.ShouldBeThrow" computerName="macbook-pro-de-gwendall" duration="00:00:00.0018440" startTime="2023-03-18T17:40:07.8347310+01:00" endTime="2023-03-18T17:40:07.8347310+01:00" testType="13cdc9d9-ddb5-4fa4-a97d-d965ccfc6d4b" outcome="Passed" testListId="8c84fa94-04c1-424b-9868-57a2d4851a1d" relativeResultsDirectory="9827fb1f-45f1-45d6-87a5-597f6d42d44f" />
    <UnitTestResult executionId="fbcdec17-b192-4a32-9286-052f5c5aaab3" testId="f7cfb5ed-0e59-308d-5805-c7879361aae3" testName="RSql4Net.Tests.Models.Queries.ComparisonByteExpressionTest.ShouldBeNotIn" computerName="macbook-pro-de-gwendall" duration="00:00:00.0015325" startTime="2023-03-18T17:40:08.2823260+01:00" endTime="2023-03-18T17:40:08.2823260+01:00" testType="13cdc9d9-ddb5-4fa4-a97d-d965ccfc6d4b" outcome="Passed" testListId="8c84fa94-04c1-424b-9868-57a2d4851a1d" relativeResultsDirectory="fbcdec17-b192-4a32-9286-052f5c5aaab3" />
    <UnitTestResult executionId="b6b8cb20-da82-40cf-90bf-144aa41d475d" testId="afca6f05-923a-0ff7-8f71-b893e5bb8b4a" testName="RSql4Net.Tests.Models.Queries.ComparisonDateTimeExpressionTest.ShouldBeNotEquals" computerName="macbook-pro-de-gwendall" duration="00:00:00.0017795" startTime="2023-03-18T17:40:07.8743420+01:00" endTime="2023-03-18T17:40:07.8743420+01:00" testType="13cdc9d9-ddb5-4fa4-a97d-d965ccfc6d4b" outcome="Passed" testListId="8c84fa94-04c1-424b-9868-57a2d4851a1d" relativeResultsDirectory="b6b8cb20-da82-40cf-90bf-144aa41d475d" />
    <UnitTestResult executionId="7b590267-9267-4d1b-bf9f-1a2d3c8fe28b" testId="7a63bffc-0fa9-2cb8-2d3d-1f2dd2280b38" testName="RSql4Net.Tests.Models.Queries.ComparisonDateTimeExpressionTest.ShouldBeNotInNullable" computerName="macbook-pro-de-gwendall" duration="00:00:00.0920683" startTime="2023-03-18T17:40:08.0536620+01:00" endTime="2023-03-18T17:40:08.0536630+01:00" testType="13cdc9d9-ddb5-4fa4-a97d-d965ccfc6d4b" outcome="Passed" testListId="8c84fa94-04c1-424b-9868-57a2d4851a1d" relativeResultsDirectory="7b590267-9267-4d1b-bf9f-1a2d3c8fe28b" />
    <UnitTestResult executionId="1b63a93a-e2a5-452c-9fb9-cfa3d8036f95" testId="fd4369b9-edc9-c5ac-23a8-69c7d957bba8" testName="RSql4Net.Tests.Models.Queries.ComparisonInt64ExpressionTest.ShouldBeLowerThanOrEqualsWithNullable" computerName="macbook-pro-de-gwendall" duration="00:00:00.0059486" startTime="2023-03-18T17:40:07.6647040+01:00" endTime="2023-03-18T17:40:07.6647040+01:00" testType="13cdc9d9-ddb5-4fa4-a97d-d965ccfc6d4b" outcome="Passed" testListId="8c84fa94-04c1-424b-9868-57a2d4851a1d" relativeResultsDirectory="1b63a93a-e2a5-452c-9fb9-cfa3d8036f95" />
    <UnitTestResult executionId="693d8761-1b0e-4d1c-9c9b-393f9127121c" testId="abec240d-c5da-107b-9f24-9c86ec7ce4db" testName="RSql4Net.Tests.Models.Queries.ComparisonCharExpressionTest.ShouldBeGreaterThanOrEquals" computerName="macbook-pro-de-gwendall" duration="00:00:00.0225536" startTime="2023-03-18T17:40:07.7474070+01:00" endTime="2023-03-18T17:40:07.7474070+01:00" testType="13cdc9d9-ddb5-4fa4-a97d-d965ccfc6d4b" outcome="Passed" testListId="8c84fa94-04c1-424b-9868-57a2d4851a1d" relativeResultsDirectory="693d8761-1b0e-4d1c-9c9b-393f9127121c" />
    <UnitTestResult executionId="79b14a9d-dd31-494b-b231-f4a1bcaf741f" testId="c7078dfe-5bc9-c6bc-b957-507730682bac" testName="RSql4Net.Tests.Models.Queries.ComparisonEnumExpressionTest.ShouldBeEquals" computerName="macbook-pro-de-gwendall" duration="00:00:00.0024574" startTime="2023-03-18T17:40:08.3243090+01:00" endTime="2023-03-18T17:40:08.3243090+01:00" testType="13cdc9d9-ddb5-4fa4-a97d-d965ccfc6d4b" outcome="Passed" testListId="8c84fa94-04c1-424b-9868-57a2d4851a1d" relativeResultsDirectory="79b14a9d-dd31-494b-b231-f4a1bcaf741f" />
    <UnitTestResult executionId="6af758cd-105a-486c-8716-6013c368a586" testId="ae9e993c-4e65-e306-7e2d-1968638db56a" testName="RSql4Net.Tests.Models.Queries.ComparisonFloatExpressionTest.ShouldBeGreaterThan" computerName="macbook-pro-de-gwendall" duration="00:00:00.0084387" startTime="2023-03-18T17:40:08.2927580+01:00" endTime="2023-03-18T17:40:08.2927580+01:00" testType="13cdc9d9-ddb5-4fa4-a97d-d965ccfc6d4b" outcome="Passed" testListId="8c84fa94-04c1-424b-9868-57a2d4851a1d" relativeResultsDirectory="6af758cd-105a-486c-8716-6013c368a586" />
    <UnitTestResult executionId="224ad501-8097-497b-9fba-945d60c9a563" testId="9a0e7d59-8b1f-7a38-cce2-c0714544ea5c" testName="RSql4Net.Tests.Models.Queries.ComparisonByteExpressionTest.ShouldBeGreaterThanOrEquals" computerName="macbook-pro-de-gwendall" duration="00:00:00.0019446" startTime="2023-03-18T17:40:08.2817410+01:00" endTime="2023-03-18T17:40:08.2817410+01:00" testType="13cdc9d9-ddb5-4fa4-a97d-d965ccfc6d4b" outcome="Passed" testListId="8c84fa94-04c1-424b-9868-57a2d4851a1d" relativeResultsDirectory="224ad501-8097-497b-9fba-945d60c9a563" />
    <UnitTestResult executionId="5abf1c5b-75e8-4450-8e3c-e3fe794986b8" testId="6bba0d01-b5da-8bce-a80b-f5c8bde6a078" testName="RSql4Net.Tests.Models.Queries.ComparisonDecimalExpressionTest.ShouldBeLowerThanOrEquals" computerName="macbook-pro-de-gwendall" duration="00:00:00.0094229" startTime="2023-03-18T17:40:07.5843690+01:00" endTime="2023-03-18T17:40:07.5843690+01:00" testType="13cdc9d9-ddb5-4fa4-a97d-d965ccfc6d4b" outcome="Passed" testListId="8c84fa94-04c1-424b-9868-57a2d4851a1d" relativeResultsDirectory="5abf1c5b-75e8-4450-8e3c-e3fe794986b8" />
    <UnitTestResult executionId="b5499510-2ea6-43eb-9e1f-e64498962afb" testId="129d06e2-742c-5893-9551-2da275d202ea" testName="RSql4Net.Tests.Models.Queries.ComparisonDoubleExpressionTest.ShouldBeGreaterThanOrEquals" computerName="macbook-pro-de-gwendall" duration="00:00:00.0328570" startTime="2023-03-18T17:40:08.2089170+01:00" endTime="2023-03-18T17:40:08.2089170+01:00" testType="13cdc9d9-ddb5-4fa4-a97d-d965ccfc6d4b" outcome="Passed" testListId="8c84fa94-04c1-424b-9868-57a2d4851a1d" relativeResultsDirectory="b5499510-2ea6-43eb-9e1f-e64498962afb" />
    <UnitTestResult executionId="37ccbb04-d452-4662-970f-b4840d014b26" testId="0c63485f-c026-6aed-9c60-94124296d318" testName="RSql4Net.Tests.Models.Queries.ComparisonDoubleExpressionTest.ShouldBeEqualsWithNullable" computerName="macbook-pro-de-gwendall" duration="00:00:00.0121093" startTime="2023-03-18T17:40:08.2266460+01:00" endTime="2023-03-18T17:40:08.2266460+01:00" testType="13cdc9d9-ddb5-4fa4-a97d-d965ccfc6d4b" outcome="Passed" testListId="8c84fa94-04c1-424b-9868-57a2d4851a1d" relativeResultsDirectory="37ccbb04-d452-4662-970f-b4840d014b26" />
    <UnitTestResult executionId="9b90f3c6-f21b-43bd-9c3e-4f33236299ee" testId="8b96e15c-9f78-003a-ebe5-6d5bac178a75" testName="RSql4Net.Tests.Models.Queries.ComparisonBooleanExpressionTest.ShouldBeInNullable" computerName="macbook-pro-de-gwendall" duration="00:00:00.0051712" startTime="2023-03-18T17:40:08.3396450+01:00" endTime="2023-03-18T17:40:08.3396450+01:00" testType="13cdc9d9-ddb5-4fa4-a97d-d965ccfc6d4b" outcome="Passed" testListId="8c84fa94-04c1-424b-9868-57a2d4851a1d" relativeResultsDirectory="9b90f3c6-f21b-43bd-9c3e-4f33236299ee" />
    <UnitTestResult executionId="2ce1a01e-9eb7-4432-abe2-46e1f49f2948" testId="06c22b60-83ab-20e8-a007-b11ba23b1b6f" testName="RSql4Net.Tests.Models.Queries.ComparisonByteExpressionTest.ShouldBeEqualsWithNullable" computerName="macbook-pro-de-gwendall" duration="00:00:00.0492522" startTime="2023-03-18T17:40:08.2151930+01:00" endTime="2023-03-18T17:40:08.2151930+01:00" testType="13cdc9d9-ddb5-4fa4-a97d-d965ccfc6d4b" outcome="Passed" testListId="8c84fa94-04c1-424b-9868-57a2d4851a1d" relativeResultsDirectory="2ce1a01e-9eb7-4432-abe2-46e1f49f2948" />
    <UnitTestResult executionId="97295e23-1041-4557-88eb-213f1f54137c" testId="7ec62b7a-0d44-7a7b-95f8-e1dd527a9f80" testName="RSql4Net.Tests.Models.Queries.Exceptions.InvalidConversionExceptionTest.ShouldBeSerializable" computerName="macbook-pro-de-gwendall" duration="00:00:00.0042401" startTime="2023-03-18T17:40:07.8419770+01:00" endTime="2023-03-18T17:40:07.8419770+01:00" testType="13cdc9d9-ddb5-4fa4-a97d-d965ccfc6d4b" outcome="Passed" testListId="8c84fa94-04c1-424b-9868-57a2d4851a1d" relativeResultsDirectory="97295e23-1041-4557-88eb-213f1f54137c" />
    <UnitTestResult executionId="50838d14-192e-4851-bd67-6ab75627f61d" testId="a5732365-01f4-1390-8e54-a7cf9fceebb8" testName="RSql4Net.Tests.Models.Queries.ComparisonInt16ExpressionTest.ShouldBeNotEqualsWithNullable" computerName="macbook-pro-de-gwendall" duration="00:00:00.0019121" startTime="2023-03-18T17:40:08.2290750+01:00" endTime="2023-03-18T17:40:08.2290750+01:00" testType="13cdc9d9-ddb5-4fa4-a97d-d965ccfc6d4b" outcome="Passed" testListId="8c84fa94-04c1-424b-9868-57a2d4851a1d" relativeResultsDirectory="50838d14-192e-4851-bd67-6ab75627f61d" />
    <UnitTestResult executionId="9d49905f-0570-4222-9441-d6836cf3b9fa" testId="6e9c68c2-c0dd-4b1e-bcd6-21265adc17ab" testName="RSql4Net.Tests.Models.Queries.ComparisonInt32ExpressionTest.ShouldBeLowerThan" computerName="macbook-pro-de-gwendall" duration="00:00:00.0074413" startTime="2023-03-18T17:40:08.0844350+01:00" endTime="2023-03-18T17:40:08.0844350+01:00" testType="13cdc9d9-ddb5-4fa4-a97d-d965ccfc6d4b" outcome="Passed" testListId="8c84fa94-04c1-424b-9868-57a2d4851a1d" relativeResultsDirectory="9d49905f-0570-4222-9441-d6836cf3b9fa" />
    <UnitTestResult executionId="087f3c10-d439-4f2d-a233-5a674582e72f" testId="4f6eedc0-273d-3ddf-b2ec-30442140fc69" testName="RSql4Net.Tests.Models.Queries.ComparisonInt64ExpressionTest.ShouldBeIn" computerName="macbook-pro-de-gwendall" duration="00:00:00.0014694" startTime="2023-03-18T17:40:07.5902430+01:00" endTime="2023-03-18T17:40:07.5902430+01:00" testType="13cdc9d9-ddb5-4fa4-a97d-d965ccfc6d4b" outcome="Passed" testListId="8c84fa94-04c1-424b-9868-57a2d4851a1d" relativeResultsDirectory="087f3c10-d439-4f2d-a233-5a674582e72f" />
    <UnitTestResult executionId="d9d3e4f4-fde4-4aac-8821-0ea66bb0344d" testId="47b526a9-1ba3-164f-6b78-b8b016c05246" testName="RSql4Net.Tests.Models.Queries.ComparisonBooleanExpressionTest.ShouldBeNotIn" computerName="macbook-pro-de-gwendall" duration="00:00:00.0051107" startTime="2023-03-18T17:40:08.3514010+01:00" endTime="2023-03-18T17:40:08.3514010+01:00" testType="13cdc9d9-ddb5-4fa4-a97d-d965ccfc6d4b" outcome="Passed" testListId="8c84fa94-04c1-424b-9868-57a2d4851a1d" relativeResultsDirectory="d9d3e4f4-fde4-4aac-8821-0ea66bb0344d" />
    <UnitTestResult executionId="a966f290-dc72-46cf-8d72-ee0550fdc05c" testId="9c9cde97-93c4-1b48-fcbc-2ba560ccd26e" testName="RSql4Net.Tests.Models.Queries.ComparisonDecimalExpressionTest.ShouldBeIn" computerName="macbook-pro-de-gwendall" duration="00:00:00.0126392" startTime="2023-03-18T17:40:07.7210440+01:00" endTime="2023-03-18T17:40:07.7210440+01:00" testType="13cdc9d9-ddb5-4fa4-a97d-d965ccfc6d4b" outcome="Passed" testListId="8c84fa94-04c1-424b-9868-57a2d4851a1d" relativeResultsDirectory="a966f290-dc72-46cf-8d72-ee0550fdc05c" />
    <UnitTestResult executionId="77d664fd-742d-4b6a-bdf9-d13d80eebfd2" testId="92197a5b-dab7-7983-6641-48ed629f5e73" testName="RSql4Net.Tests.Models.Paging.Exceptions.UnknownSortExceptionTest.ShouldBeUnknownSortException" computerName="macbook-pro-de-gwendall" duration="00:00:00.0095352" startTime="2023-03-18T17:40:07.6257620+01:00" endTime="2023-03-18T17:40:07.6257620+01:00" testType="13cdc9d9-ddb5-4fa4-a97d-d965ccfc6d4b" outcome="Passed" testListId="8c84fa94-04c1-424b-9868-57a2d4851a1d" relativeResultsDirectory="77d664fd-742d-4b6a-bdf9-d13d80eebfd2" />
    <UnitTestResult executionId="8207375e-74ea-4631-a2fa-d045bbf7b95d" testId="8890594f-fd51-ad21-070c-880fa91560f7" testName="RSql4Net.Tests.ServiceCollectionExtensionsTest.ShouldBeWithArgumentNullException" computerName="macbook-pro-de-gwendall" duration="00:00:00.0129176" startTime="2023-03-18T17:40:07.1563320+01:00" endTime="2023-03-18T17:40:07.1563650+01:00" testType="13cdc9d9-ddb5-4fa4-a97d-d965ccfc6d4b" outcome="Passed" testListId="8c84fa94-04c1-424b-9868-57a2d4851a1d" relativeResultsDirectory="8207375e-74ea-4631-a2fa-d045bbf7b95d" />
    <UnitTestResult executionId="5018e696-3ab7-4586-b622-12d1e09abe1e" testId="a7e4ca44-e4f7-ba97-dfb3-07aa8f1ef3b6" testName="RSql4Net.Tests.Models.Queries.ComparisonStringExpressionTest.ShouldBeEndsWith" computerName="macbook-pro-de-gwendall" duration="00:00:00.0012251" startTime="2023-03-18T17:40:08.1558700+01:00" endTime="2023-03-18T17:40:08.1558700+01:00" testType="13cdc9d9-ddb5-4fa4-a97d-d965ccfc6d4b" outcome="Passed" testListId="8c84fa94-04c1-424b-9868-57a2d4851a1d" relativeResultsDirectory="5018e696-3ab7-4586-b622-12d1e09abe1e" />
    <UnitTestResult executionId="63005784-5a2d-4cf6-807a-c0774fb65a1b" testId="bf5875e1-2f86-87e8-d588-cf0331c94bfe" testName="RSql4Net.Tests.Models.Queries.ComparisonCharExpressionTest.ShouldBeNotIn" computerName="macbook-pro-de-gwendall" duration="00:00:00.0191006" startTime="2023-03-18T17:40:07.7682380+01:00" endTime="2023-03-18T17:40:07.7682380+01:00" testType="13cdc9d9-ddb5-4fa4-a97d-d965ccfc6d4b" outcome="Passed" testListId="8c84fa94-04c1-424b-9868-57a2d4851a1d" relativeResultsDirectory="63005784-5a2d-4cf6-807a-c0774fb65a1b" />
    <UnitTestResult executionId="cdfb3c3c-3e56-4b70-979b-ce2c48037f8e" testId="2958636c-cc8d-553a-9f84-d96bfbdc67a4" testName="RSql4Net.Tests.Models.Queries.ComparisonInt16ExpressionTest.ShouldBeNotEquals" computerName="macbook-pro-de-gwendall" duration="00:00:00.0555922" startTime="2023-03-18T17:40:08.0605780+01:00" endTime="2023-03-18T17:40:08.0605780+01:00" testType="13cdc9d9-ddb5-4fa4-a97d-d965ccfc6d4b" outcome="Passed" testListId="8c84fa94-04c1-424b-9868-57a2d4851a1d" relativeResultsDirectory="cdfb3c3c-3e56-4b70-979b-ce2c48037f8e" />
    <UnitTestResult executionId="f5847571-0a53-4c7a-9228-af3e6c11949b" testId="a60621af-584f-9744-f0f1-677a8234e7aa" testName="RSql4Net.Tests.Models.Queries.ComparisonDoubleExpressionTest.ShouldBeGreaterThanWithNullable" computerName="macbook-pro-de-gwendall" duration="00:00:00.0027619" startTime="2023-03-18T17:40:08.2201490+01:00" endTime="2023-03-18T17:40:08.2201490+01:00" testType="13cdc9d9-ddb5-4fa4-a97d-d965ccfc6d4b" outcome="Passed" testListId="8c84fa94-04c1-424b-9868-57a2d4851a1d" relativeResultsDirectory="f5847571-0a53-4c7a-9228-af3e6c11949b" />
    <UnitTestResult executionId="23fbe995-835b-4bbf-a6e1-6dfdb9e14cb9" testId="5bac8179-2736-84fc-2b5c-8a03626ef96f" testName="RSql4Net.Tests.Models.Queries.ComparisonDoubleExpressionTest.ShouldBeLowerThanOrEqualsWithNullable" computerName="macbook-pro-de-gwendall" duration="00:00:00.0022445" startTime="2023-03-18T17:40:08.3190250+01:00" endTime="2023-03-18T17:40:08.3190250+01:00" testType="13cdc9d9-ddb5-4fa4-a97d-d965ccfc6d4b" outcome="Passed" testListId="8c84fa94-04c1-424b-9868-57a2d4851a1d" relativeResultsDirectory="23fbe995-835b-4bbf-a6e1-6dfdb9e14cb9" />
    <UnitTestResult executionId="9bfc5f07-eb40-4f93-a3c4-b5c391ff3e66" testId="0bd6bd4d-05f6-ba01-c60a-c53965231b83" testName="RSql4Net.Tests.Models.Paging.PageableModelBinderProviderTest.ShouldBeWithInterfacePageableModelBinder" computerName="macbook-pro-de-gwendall" duration="00:00:00.0005225" startTime="2023-03-18T17:40:07.4283550+01:00" endTime="2023-03-18T17:40:07.4283550+01:00" testType="13cdc9d9-ddb5-4fa4-a97d-d965ccfc6d4b" outcome="Passed" testListId="8c84fa94-04c1-424b-9868-57a2d4851a1d" relativeResultsDirectory="9bfc5f07-eb40-4f93-a3c4-b5c391ff3e66" />
    <UnitTestResult executionId="ed95264e-7689-416e-8068-954d471326a7" testId="c048dd32-5c7a-5419-b68b-a5544b11f635" testName="RSql4Net.Tests.Models.Queries.ComparisonInt32ExpressionTest.ShouldBeEquals" computerName="macbook-pro-de-gwendall" duration="00:00:00.0019009" startTime="2023-03-18T17:40:07.9287360+01:00" endTime="2023-03-18T17:40:07.9287360+01:00" testType="13cdc9d9-ddb5-4fa4-a97d-d965ccfc6d4b" outcome="Passed" testListId="8c84fa94-04c1-424b-9868-57a2d4851a1d" relativeResultsDirectory="ed95264e-7689-416e-8068-954d471326a7" />
    <UnitTestResult executionId="e236a0b2-7f42-4685-a935-651abe0f54f3" testId="84f2aea3-83c4-14b3-3a5a-0780b87dcfee" testName="RSql4Net.Tests.Models.Queries.ComparisonStringExpressionTest.ShouldBeEquals" computerName="macbook-pro-de-gwendall" duration="00:00:00.0026135" startTime="2023-03-18T17:40:08.1562370+01:00" endTime="2023-03-18T17:40:08.1562370+01:00" testType="13cdc9d9-ddb5-4fa4-a97d-d965ccfc6d4b" outcome="Passed" testListId="8c84fa94-04c1-424b-9868-57a2d4851a1d" relativeResultsDirectory="e236a0b2-7f42-4685-a935-651abe0f54f3" />
    <UnitTestResult executionId="7795e9eb-078c-472d-8776-b39bbb497907" testId="10616d86-b4fb-ee8f-3816-22002e93afa1" testName="RSql4Net.Tests.Controllers.ControllerBaseExtensionsTest.ShouldBeThrowArgumentNullException" computerName="macbook-pro-de-gwendall" duration="00:00:00.0041581" startTime="2023-03-18T17:40:07.9284130+01:00" endTime="2023-03-18T17:40:07.9284130+01:00" testType="13cdc9d9-ddb5-4fa4-a97d-d965ccfc6d4b" outcome="Passed" testListId="8c84fa94-04c1-424b-9868-57a2d4851a1d" relativeResultsDirectory="7795e9eb-078c-472d-8776-b39bbb497907" />
    <UnitTestResult executionId="58b1f99c-db12-4cfe-9ac6-15b6a07b2604" testId="eb6e98ca-75a8-b42e-dc00-5d34d512cc30" testName="RSql4Net.Tests.Models.Queries.ComparisonStringExpressionTest.ShouldBeNotIn" computerName="macbook-pro-de-gwendall" duration="00:00:00.0181118" startTime="2023-03-18T17:40:08.1378910+01:00" endTime="2023-03-18T17:40:08.1378910+01:00" testType="13cdc9d9-ddb5-4fa4-a97d-d965ccfc6d4b" outcome="Passed" testListId="8c84fa94-04c1-424b-9868-57a2d4851a1d" relativeResultsDirectory="58b1f99c-db12-4cfe-9ac6-15b6a07b2604" />
    <UnitTestResult executionId="b97827ce-e767-493c-97af-d358dba9631c" testId="83f36b20-79f8-1e61-7d18-a59a54c00f3e" testName="RSql4Net.Tests.Models.Queries.ComparisonDoubleExpressionTest.ShouldBeGreaterThan" computerName="macbook-pro-de-gwendall" duration="00:00:00.0037955" startTime="2023-03-18T17:40:08.3356820+01:00" endTime="2023-03-18T17:40:08.3356820+01:00" testType="13cdc9d9-ddb5-4fa4-a97d-d965ccfc6d4b" outcome="Passed" testListId="8c84fa94-04c1-424b-9868-57a2d4851a1d" relativeResultsDirectory="b97827ce-e767-493c-97af-d358dba9631c" />
    <UnitTestResult executionId="00b24264-ceeb-4e64-b29a-6f4bc67f8beb" testId="449c8141-c3ac-4869-cbe1-7a3e2e87e272" testName="RSql4Net.Tests.Models.Queries.ComparisonInt32ExpressionTest.ShouldBeGreaterThanOrEqualsWithNullable" computerName="macbook-pro-de-gwendall" duration="00:00:00.1271715" startTime="2023-03-18T17:40:08.0817280+01:00" endTime="2023-03-18T17:40:08.0817280+01:00" testType="13cdc9d9-ddb5-4fa4-a97d-d965ccfc6d4b" outcome="Passed" testListId="8c84fa94-04c1-424b-9868-57a2d4851a1d" relativeResultsDirectory="00b24264-ceeb-4e64-b29a-6f4bc67f8beb" />
    <UnitTestResult executionId="aea01a3a-1da3-4e87-8a17-9161e1fa1f32" testId="d963981a-9ce3-beb7-7e2f-61778719969b" testName="RSql4Net.Tests.Models.Paging.PageableModelBinderTest.ShouldBeIsValid" computerName="macbook-pro-de-gwendall" duration="00:00:00.0238305" startTime="2023-03-18T17:40:07.9813450+01:00" endTime="2023-03-18T17:40:07.9813450+01:00" testType="13cdc9d9-ddb5-4fa4-a97d-d965ccfc6d4b" outcome="Passed" testListId="8c84fa94-04c1-424b-9868-57a2d4851a1d" relativeResultsDirectory="aea01a3a-1da3-4e87-8a17-9161e1fa1f32" />
    <UnitTestResult executionId="4492cfd0-8368-443f-a463-aee7b71d9015" testId="13fdf270-a163-9ba7-ed7b-f058d0b1461a" testName="RSql4Net.Tests.Models.Queries.ComparisonByteExpressionTest.ShouldBeInNullable" computerName="macbook-pro-de-gwendall" duration="00:00:00.0448956" startTime="2023-03-18T17:40:08.2597270+01:00" endTime="2023-03-18T17:40:08.2597270+01:00" testType="13cdc9d9-ddb5-4fa4-a97d-d965ccfc6d4b" outcome="Passed" testListId="8c84fa94-04c1-424b-9868-57a2d4851a1d" relativeResultsDirectory="4492cfd0-8368-443f-a463-aee7b71d9015" />
    <UnitTestResult executionId="9ed9a978-3260-4f61-9393-471fea9653db" testId="92741a22-28c3-a094-9747-ad8589f64324" testName="RSql4Net.Tests.Models.Queries.ComparisonCharExpressionTest.ShouldBeGreaterThanOrEqualsWithNullable" computerName="macbook-pro-de-gwendall" duration="00:00:00.0027006" startTime="2023-03-18T17:40:07.6728350+01:00" endTime="2023-03-18T17:40:07.6728350+01:00" testType="13cdc9d9-ddb5-4fa4-a97d-d965ccfc6d4b" outcome="Passed" testListId="8c84fa94-04c1-424b-9868-57a2d4851a1d" relativeResultsDirectory="9ed9a978-3260-4f61-9393-471fea9653db" />
    <UnitTestResult executionId="1590b335-342c-4590-aaeb-62983d262ff8" testId="c7abf1c4-30e3-37a9-deb5-29d7c3f1c999" testName="RSql4Net.Tests.Models.Queries.LogicalOperatorTest.AndSimpleTest" computerName="macbook-pro-de-gwendall" duration="00:00:00.0009679" startTime="2023-03-18T17:40:07.5411410+01:00" endTime="2023-03-18T17:40:07.5411410+01:00" testType="13cdc9d9-ddb5-4fa4-a97d-d965ccfc6d4b" outcome="Passed" testListId="8c84fa94-04c1-424b-9868-57a2d4851a1d" relativeResultsDirectory="1590b335-342c-4590-aaeb-62983d262ff8" />
[...]
    <TestEntry testId="cf15a4ee-2361-2e9b-a229-2d38c92f0f3d" executionId="81feb12c-a9a3-49d3-b9d5-d2fe87dd8513" testListId="8c84fa94-04c1-424b-9868-57a2d4851a1d" />
    <TestEntry testId="a5bc4f80-1210-2039-c3af-ec2f78272e15" executionId="250a6aab-6c60-48a7-b6d9-e39f85ca33d5" testListId="8c84fa94-04c1-424b-9868-57a2d4851a1d" />
    <TestEntry testId="55243e6d-ef3c-b2e6-4c3c-737d2480ccb0" executionId="2ba70858-c030-4c1c-bd40-67d9e0da3094" testListId="8c84fa94-04c1-424b-9868-57a2d4851a1d" />
    <TestEntry testId="38d4fabd-f706-209d-fbb5-34fd04031025" executionId="bf0604c1-7c93-494d-bac7-73dcd8b5fff1" testListId="8c84fa94-04c1-424b-9868-57a2d4851a1d" />
    <TestEntry testId="8c3042de-1640-61df-21c7-c2ba47238ff7" executionId="5989c1b0-e458-4fb0-ad2f-908f5aef27ca" testListId="8c84fa94-04c1-424b-9868-57a2d4851a1d" />
    <TestEntry testId="8b9796b7-ac1a-5608-8d60-0ce2c21258fc" executionId="1cdbaf6e-ec52-4f6f-a9bc-d0c9e8d895a2" testListId="8c84fa94-04c1-424b-9868-57a2d4851a1d" />
    <TestEntry testId="563da2ee-9349-8d1b-8c50-cc17383a29fe" executionId="4bafa86e-1bf5-4ba9-a48d-e40356b10ab7" testListId="8c84fa94-04c1-424b-9868-57a2d4851a1d" />
    <TestEntry testId="0b166708-09d0-d987-080e-376f3f05a1ac" executionId="e6ce105b-6137-4fb5-8973-dc68718fe4a0" testListId="8c84fa94-04c1-424b-9868-57a2d4851a1d" />
    <TestEntry testId="3d4fa89b-233a-28bb-85b6-98fa7094df98" executionId="35a5b062-b77f-4881-9b33-4c00c7649b48" testListId="8c84fa94-04c1-424b-9868-57a2d4851a1d" />
    <TestEntry testId="66b3316c-0b66-702e-c771-c23b512678ae" executionId="284da841-9e13-4ead-8891-88011c18007b" testListId="8c84fa94-04c1-424b-9868-57a2d4851a1d" />
    <TestEntry testId="420abb37-9168-bed0-3c02-f8ca29a3eb20" executionId="1e719b90-92e5-4cc8-9fec-3be14091cd96" testListId="8c84fa94-04c1-424b-9868-57a2d4851a1d" />
    <TestEntry testId="56177b1b-9eb0-03f2-8f43-fac9706095ba" executionId="656ad9ac-65ad-4961-abc4-f08f771e4f11" testListId="8c84fa94-04c1-424b-9868-57a2d4851a1d" />
    <TestEntry testId="678b9c94-9549-543e-a450-92ac90deaa00" executionId="99770120-5c53-46f9-8253-07ea31931edc" testListId="8c84fa94-04c1-424b-9868-57a2d4851a1d" />
    <TestEntry testId="f96e18f0-2e54-c873-19d3-b95208f43201" executionId="0a4dec37-2f7e-4fda-a084-b35f867fd0f1" testListId="8c84fa94-04c1-424b-9868-57a2d4851a1d" />
    <TestEntry testId="5e23a397-e5de-eca3-cc84-a20158a63a4d" executionId="fd19298c-9613-4b21-a3fe-67b967d7a014" testListId="8c84fa94-04c1-424b-9868-57a2d4851a1d" />
    <TestEntry testId="2d7ece3b-5227-38fa-a455-72a867e2aa52" executionId="c6f3b14c-7d07-46eb-ab19-40b4d279ee96" testListId="8c84fa94-04c1-424b-9868-57a2d4851a1d" />
    <TestEntry testId="991e2057-fc0d-6e6c-6e4a-f1ff1941da8c" executionId="7f9ef933-20b9-4022-aa07-59eae5ae3f08" testListId="8c84fa94-04c1-424b-9868-57a2d4851a1d" />
    <TestEntry testId="04508444-bca0-8b56-c3e5-cc05f4d4b581" executionId="29356974-a4dd-46f6-8811-b36cb479e8c3" testListId="8c84fa94-04c1-424b-9868-57a2d4851a1d" />
    <TestEntry testId="050aef7b-1151-869d-ea30-b9f815e3a4ec" executionId="abdeece1-2a5c-4834-9284-987cfb84f94e" testListId="8c84fa94-04c1-424b-9868-57a2d4851a1d" />
    <TestEntry testId="de47982b-31e1-ef11-a5d8-54f7620bd206" executionId="443fc326-6ae4-4f9e-80c4-16af6a3a2276" testListId="8c84fa94-04c1-424b-9868-57a2d4851a1d" />
    <TestEntry testId="12214fad-2044-c470-5e5d-8a5b1a7b7b68" executionId="e70ddfed-542c-42b8-9d38-ed5014f07b90" testListId="8c84fa94-04c1-424b-9868-57a2d4851a1d" />
    <TestEntry testId="f2b4e622-5685-5ab3-dd40-9460cbad0e46" executionId="2d115b5e-2aee-4a95-932a-4d7702c313e8" testListId="8c84fa94-04c1-424b-9868-57a2d4851a1d" />
    <TestEntry testId="97e36052-54ed-6133-dca8-6955d99fb298" executionId="8c36108d-1e96-4e0e-88ea-ad73dcf79d4c" testListId="8c84fa94-04c1-424b-9868-57a2d4851a1d" />
    <TestEntry testId="33f7ccc3-a575-cea0-a820-f26434b88628" executionId="0105621f-bcc7-44e0-be0d-e210c08213de" testListId="8c84fa94-04c1-424b-9868-57a2d4851a1d" />
    <TestEntry testId="44506114-32e6-e37d-5479-6abb7be7f203" executionId="b410c7d4-2d46-4432-a535-b1919c3a651e" testListId="8c84fa94-04c1-424b-9868-57a2d4851a1d" />
    <TestEntry testId="c0771813-75e1-12d0-3ddc-027130ef723b" executionId="5aa3e490-5beb-45a8-a7e0-14244d1da6ff" testListId="8c84fa94-04c1-424b-9868-57a2d4851a1d" />
    <TestEntry testId="6c300d8b-6f97-3167-5505-d46121639bc0" executionId="39924b15-45a8-498f-9bfa-dc8a6faaae0d" testListId="8c84fa94-04c1-424b-9868-57a2d4851a1d" />
    <TestEntry testId="d2dc3879-589b-affa-e1e1-aa22fc182fea" executionId="2864ce37-56e5-4fb1-a9df-b6a49dd6f654" testListId="8c84fa94-04c1-424b-9868-57a2d4851a1d" />
    <TestEntry testId="62e3045c-a497-76c4-2e62-015f9f7ea9c2" executionId="7a96f14b-6081-4030-8ebb-7d186feb7ab4" testListId="8c84fa94-04c1-424b-9868-57a2d4851a1d" />
    <TestEntry testId="072c3823-dfd2-c81c-313d-abb196abae0b" executionId="2a6cbb1c-eb7e-4d4c-a9e6-31d28098a9c5" testListId="8c84fa94-04c1-424b-9868-57a2d4851a1d" />
    <TestEntry testId="34bcbfc6-659b-6383-b54c-e735fafc784c" executionId="c8b14b8b-d4f5-48d5-a09f-528dd087d4fe" testListId="8c84fa94-04c1-424b-9868-57a2d4851a1d" />
    <TestEntry testId="1da85df9-d528-b495-5827-df3e9e0b2702" executionId="932e0910-638b-4fb7-82b2-0b3eb509cfc0" testListId="8c84fa94-04c1-424b-9868-57a2d4851a1d" />
    <TestEntry testId="bc7ea639-d5c1-e4a7-5b36-65f340ce556e" executionId="57d015f1-600e-4adc-92e0-fad3e523abee" testListId="8c84fa94-04c1-424b-9868-57a2d4851a1d" />
    <TestEntry testId="660195f8-76f9-2dcf-c39d-b924c33dfabf" executionId="a24209a5-f1b2-46c8-8e4a-121b123a8bab" testListId="8c84fa94-04c1-424b-9868-57a2d4851a1d" />
    <TestEntry testId="4bc8e2f8-e622-56a8-b85a-801484f31596" executionId="e5d76034-502c-4e36-9f42-339f862701a9" testListId="8c84fa94-04c1-424b-9868-57a2d4851a1d" />
    <TestEntry testId="fc62161e-f1f2-e492-2b73-2ebf73e697b5" executionId="24cfef16-d377-4202-bbb8-3fd6934a79db" testListId="8c84fa94-04c1-424b-9868-57a2d4851a1d" />
    <TestEntry testId="aee98fd2-4253-2827-2979-ef0b5b618baa" executionId="be802afe-fd98-4068-9f18-0715910f0fb3" testListId="8c84fa94-04c1-424b-9868-57a2d4851a1d" />
    <TestEntry testId="941ed32f-81dc-4be8-1aa4-93c5cf33e1d7" executionId="e43f19d8-70b4-4a75-846d-bd6907357693" testListId="8c84fa94-04c1-424b-9868-57a2d4851a1d" />
    <TestEntry testId="ebff0beb-a7c1-1495-2b06-d10172550912" executionId="959057fe-70bf-4acd-8e59-45eb13b1ff58" testListId="8c84fa94-04c1-424b-9868-57a2d4851a1d" />
    <TestEntry testId="18b4e6b5-3e29-2838-7ee9-7180f83ee222" executionId="45cfa494-3b95-43e6-b8fa-a359891befa3" testListId="8c84fa94-04c1-424b-9868-57a2d4851a1d" />
    <TestEntry testId="6f5ee98f-7f13-b9ed-5de3-72293b2254af" executionId="d8ab10c8-e564-465d-8a6d-6b2605656a29" testListId="8c84fa94-04c1-424b-9868-57a2d4851a1d" />
    <TestEntry testId="6685cdd5-e940-ebd1-654a-12cbba893b07" executionId="5877ed82-1437-42e2-9a3e-454e8fabc1d7" testListId="8c84fa94-04c1-424b-9868-57a2d4851a1d" />
    <TestEntry testId="b135fe68-315c-e126-a1c7-964eec22e9b8" executionId="346be861-9bcc-4c17-8a75-f687ae0409c2" testListId="8c84fa94-04c1-424b-9868-57a2d4851a1d" />
    <TestEntry testId="43cd0403-4027-ea62-f879-eadbd24375a3" executionId="be64805d-9896-4ccf-b90c-bc69f290d117" testListId="8c84fa94-04c1-424b-9868-57a2d4851a1d" />
    <TestEntry testId="139828ba-6552-1b0e-56f6-133570e16ed0" executionId="ace7182a-1ce2-4619-8cf1-198a8f5e566d" testListId="8c84fa94-04c1-424b-9868-57a2d4851a1d" />
    <TestEntry testId="41d2b2fa-bda3-faef-2f82-d5535b4acb65" executionId="d48174d8-8190-4eae-a3bd-a8f546b85962" testListId="8c84fa94-04c1-424b-9868-57a2d4851a1d" />
    <TestEntry testId="97d2af3b-ca92-69bf-f53f-f9a1e6e56c8a" executionId="243dccab-81fa-4bdd-8c88-016b6b3879ab" testListId="8c84fa94-04c1-424b-9868-57a2d4851a1d" />
    <TestEntry testId="6efc0155-8449-4b78-9cdc-d68a433da714" executionId="4fe54bcc-6238-4040-96ac-52b7be074e79" testListId="8c84fa94-04c1-424b-9868-57a2d4851a1d" />
    <TestEntry testId="21e8e2cb-db16-e411-8a93-b83dbef92ff6" executionId="aa33efff-76d8-4710-b045-de35067a0ee3" testListId="8c84fa94-04c1-424b-9868-57a2d4851a1d" />
    <TestEntry testId="973fa410-da16-a361-c7f5-2a000b69e86e" executionId="5a0e000b-1a7a-41f5-bacb-f2168c0bea64" testListId="8c84fa94-04c1-424b-9868-57a2d4851a1d" />
    <TestEntry testId="6f37e7aa-2d10-e0c0-87af-2fc3a74c2497" executionId="d5154f8e-56f6-4a9d-b131-a19d1381dfc2" testListId="8c84fa94-04c1-424b-9868-57a2d4851a1d" />
    <TestEntry testId="c8aecded-d269-11d9-d59d-3fa8b43aea85" executionId="2d762a06-de6c-4dc9-b3a8-4b3e44217857" testListId="8c84fa94-04c1-424b-9868-57a2d4851a1d" />
    <TestEntry testId="5a182670-9ec7-64dc-1107-763627414500" executionId="3adf1aad-da7a-45f6-b2ef-e6c120ab3e99" testListId="8c84fa94-04c1-424b-9868-57a2d4851a1d" />
    <TestEntry testId="ac3ecf25-cf10-70d8-1db3-1bbf623e0cc1" executionId="397f567d-a855-48ec-a9a5-852c8cd1d30f" testListId="8c84fa94-04c1-424b-9868-57a2d4851a1d" />
    <TestEntry testId="9189aa81-dfba-dd16-c96b-cba37ff29054" executionId="176da211-d17a-497a-93a7-0e0cb72052cc" testListId="8c84fa94-04c1-424b-9868-57a2d4851a1d" />
    <TestEntry testId="a8371b7f-e846-dab2-ff90-5f052d7a1836" executionId="0cb0b10d-741e-4111-a714-88ee0ce13a86" testListId="8c84fa94-04c1-424b-9868-57a2d4851a1d" />
    <TestEntry testId="35c9f402-259c-7fcb-2286-b11a8a38a19a" executionId="7baa695b-19ad-4b18-8d02-37e8532093c1" testListId="8c84fa94-04c1-424b-9868-57a2d4851a1d" />
    <TestEntry testId="5e615c88-baf4-4fbd-88dd-858a000b20e0" executionId="45b180c7-5e93-40f2-a956-5078077db112" testListId="8c84fa94-04c1-424b-9868-57a2d4851a1d" />
    <TestEntry testId="59242324-e20b-a7b3-411c-823cf4f05e09" executionId="5410a821-326b-4397-9a2d-0722dd976df6" testListId="8c84fa94-04c1-424b-9868-57a2d4851a1d" />
    <TestEntry testId="8c2b57eb-d0d4-3389-d570-57664b178843" executionId="b05e02ab-138e-40f3-b878-387e41c5bf56" testListId="8c84fa94-04c1-424b-9868-57a2d4851a1d" />
    <TestEntry testId="08529ca9-9097-cd96-2850-aeadfa3cb417" executionId="b629b2d5-917a-424e-a73e-24c346130424" testListId="8c84fa94-04c1-424b-9868-57a2d4851a1d" />
    <TestEntry testId="608d5cba-ee64-a102-70b9-c93c8916b1fd" executionId="9c413225-6252-4969-b3fe-db3d971ffc2d" testListId="8c84fa94-04c1-424b-9868-57a2d4851a1d" />
    <TestEntry testId="404b8b8b-0b63-8e1b-2e5c-95bf74baa3e2" executionId="c38a4c23-e2c8-4610-9aeb-ae7bcfb5bfcd" testListId="8c84fa94-04c1-424b-9868-57a2d4851a1d" />
    <TestEntry testId="faf7c01a-0cc8-434c-c738-c5f41a339b2f" executionId="977c4781-209f-4c80-96e9-9fa9123b39df" testListId="8c84fa94-04c1-424b-9868-57a2d4851a1d" />
    <TestEntry testId="f532ac45-3097-944f-c4f8-99582f29dc0c" executionId="3d7f3077-66c0-4d21-a5b1-b71d662bb1aa" testListId="8c84fa94-04c1-424b-9868-57a2d4851a1d" />
    <TestEntry testId="23e30615-bad0-f865-4c3e-b4185ab24210" executionId="e2448ef5-ed67-42e9-a6c6-bc2920f16b97" testListId="8c84fa94-04c1-424b-9868-57a2d4851a1d" />
    <TestEntry testId="7cc14e72-57ae-a0f0-609e-fa39693ccdaa" executionId="6dae7378-bf77-4162-bbaf-f83b2ff771ef" testListId="8c84fa94-04c1-424b-9868-57a2d4851a1d" />
    <TestEntry testId="b896f8fe-2e5e-8aa9-9d39-db295d7843fd" executionId="94c5d19d-ad35-4fc6-a864-a5c04b74a2d8" testListId="8c84fa94-04c1-424b-9868-57a2d4851a1d" />
    <TestEntry testId="cfdf3f31-a502-5fca-5bf9-5aa27e53a4e3" executionId="3ce116d0-c1bb-4e7a-a79f-f32314d198d2" testListId="8c84fa94-04c1-424b-9868-57a2d4851a1d" />
    <TestEntry testId="659ad104-4c4b-c1db-7b90-cf5df04efbe9" executionId="d8581691-c248-46c7-9f20-d0be7e11a81d" testListId="8c84fa94-04c1-424b-9868-57a2d4851a1d" />
    <TestEntry testId="f7f733d9-b1f9-2d9a-e6cc-8763e84126ec" executionId="48ebb074-0f3f-4ba5-ae10-e7e79e19d357" testListId="8c84fa94-04c1-424b-9868-57a2d4851a1d" />
    <TestEntry testId="6264d79d-9c2e-8553-a2bf-836a5866c485" executionId="4f28f3f4-b461-45eb-aea4-e3e44c43945c" testListId="8c84fa94-04c1-424b-9868-57a2d4851a1d" />
    <TestEntry testId="5101cca2-0f32-dacb-c590-28865c10dabe" executionId="53c501e0-d1e5-4e5b-b26e-cca66d5d7a6a" testListId="8c84fa94-04c1-424b-9868-57a2d4851a1d" />
    <TestEntry testId="4222996a-dd69-9dff-7f8f-8fb7546b6b34" executionId="611dcf74-890e-467f-befa-69033f80b1a3" testListId="8c84fa94-04c1-424b-9868-57a2d4851a1d" />
    <TestEntry testId="0f211c0c-c4a5-0729-8a77-e39ab48ae45f" executionId="d37a9498-4e8f-4ade-b657-aae116ad09cf" testListId="8c84fa94-04c1-424b-9868-57a2d4851a1d" />
    <TestEntry testId="bee8ab9b-1229-81b9-8dc6-5eb35ea0a15a" executionId="ed74c79a-8d49-46d3-a227-e6bacb246b42" testListId="8c84fa94-04c1-424b-9868-57a2d4851a1d" />
    <TestEntry testId="e686199e-af25-de96-58f0-5651a7d51bf8" executionId="ce5c5ea6-ce00-41e8-9ed4-4173272701c0" testListId="8c84fa94-04c1-424b-9868-57a2d4851a1d" />
    <TestEntry testId="9695d684-78e2-873c-1d69-33df199ebc57" executionId="34890139-9d61-4406-a153-32bbd962a9bc" testListId="8c84fa94-04c1-424b-9868-57a2d4851a1d" />
    <TestEntry testId="96564f32-26cd-a3ee-d05c-ce4b266a5203" executionId="f0782577-4b34-49f4-a40f-5d95e4d2bddc" testListId="8c84fa94-04c1-424b-9868-57a2d4851a1d" />
    <TestEntry testId="567d98ba-aaad-f264-f54c-5e980a7a09cc" executionId="11ddd1f7-3253-4f00-b2d5-d358ef813312" testListId="8c84fa94-04c1-424b-9868-57a2d4851a1d" />
    <TestEntry testId="018e0bef-3f0e-b0b9-2cc2-edcbab442a5a" executionId="8f6fcb9d-2c1f-4f3c-bfae-9fd4e65d842c" testListId="8c84fa94-04c1-424b-9868-57a2d4851a1d" />
    <TestEntry testId="e2253bf1-f1a4-91a4-083f-d66d9a354221" executionId="47b6fd33-9abb-42c1-9e89-3e6e15fe9a27" testListId="8c84fa94-04c1-424b-9868-57a2d4851a1d" />
    <TestEntry testId="5a7e9457-dd42-9772-050d-b0199c83ea90" executionId="5e54fad3-f627-4737-b99c-54e9ca624784" testListId="8c84fa94-04c1-424b-9868-57a2d4851a1d" />
    <TestEntry testId="a3807877-4ae3-64e8-b4cc-b4537d48afb4" executionId="4a1e30f7-6917-4ccd-85a0-0af6df79ffe3" testListId="8c84fa94-04c1-424b-9868-57a2d4851a1d" />
    <TestEntry testId="005e3c51-ed68-3fc0-3d5d-0855b199a8cb" executionId="c8f6c99a-3c54-447b-8839-f2c420b4b6b1" testListId="8c84fa94-04c1-424b-9868-57a2d4851a1d" />
    <TestEntry testId="88eed883-3a80-5013-b28c-c43622438de6" executionId="999a9e32-684f-4646-b376-fa87b0ae120f" testListId="8c84fa94-04c1-424b-9868-57a2d4851a1d" />
    <TestEntry testId="7a32ee84-d7f6-226e-6d94-bf0e53ed33e6" executionId="0f1e7d31-298b-45d6-9e0a-a5264c428d77" testListId="8c84fa94-04c1-424b-9868-57a2d4851a1d" />
    <TestEntry testId="c1434bf1-d23a-92ec-b509-106e7b4bedbc" executionId="9be441f0-42bf-48e1-9818-07fcecc5fe4a" testListId="8c84fa94-04c1-424b-9868-57a2d4851a1d" />
    <TestEntry testId="787870f5-3e0e-92fe-6108-df4ccf393003" executionId="b4fcdd7c-63ec-48b7-b95b-ec93e6d1c585" testListId="8c84fa94-04c1-424b-9868-57a2d4851a1d" />
    <TestEntry testId="534e9087-867a-60ed-8cc0-64abd8a553e2" executionId="9c8ed05e-211b-4f6b-a462-64529ed36fe1" testListId="8c84fa94-04c1-424b-9868-57a2d4851a1d" />
    <TestEntry testId="462dec4c-3a33-b570-c645-eceaf827ac58" executionId="6185793c-090c-4930-970c-b07907cf4464" testListId="8c84fa94-04c1-424b-9868-57a2d4851a1d" />
    <TestEntry testId="ee9ca101-fc59-bd6e-e412-f9346355ac9a" executionId="b3fbcb3e-c3be-480f-b969-0f82ff848293" testListId="8c84fa94-04c1-424b-9868-57a2d4851a1d" />
    <TestEntry testId="68b75c99-dac3-a5fc-e529-c42237fc36b3" executionId="2d245702-aeff-4ac2-9339-cbdaf2f8f289" testListId="8c84fa94-04c1-424b-9868-57a2d4851a1d" />
    <TestEntry testId="6c88b7ea-b888-37ff-67af-0a68235ae716" executionId="23fad88d-a5f7-4f5b-8456-f2e896c85662" testListId="8c84fa94-04c1-424b-9868-57a2d4851a1d" />
    <TestEntry testId="8f60fef4-feed-da59-6bd8-df9b72fe1a7a" executionId="9988c1e9-65aa-4b0c-a9cd-165ed1196f13" testListId="8c84fa94-04c1-424b-9868-57a2d4851a1d" />
    <TestEntry testId="185e763c-3f34-dd08-2fb0-230c3c9dbb2e" executionId="7c0356ae-3d1c-4a65-b6b8-d00055e59744" testListId="8c84fa94-04c1-424b-9868-57a2d4851a1d" />
    <TestEntry testId="23c90cac-45f8-8376-eeb8-e17a2ac37d79" executionId="a68c4ef0-0863-4059-886b-7dcdb905517d" testListId="8c84fa94-04c1-424b-9868-57a2d4851a1d" />
    <TestEntry testId="bd375c65-c285-6709-86c8-8d22133754ce" executionId="61b5b790-fac2-4a75-a4ce-141cdfcd988a" testListId="8c84fa94-04c1-424b-9868-57a2d4851a1d" />
    <TestEntry testId="6e3bf1cb-e058-191c-13ab-cae699dce81e" executionId="c880a588-e2a8-4e39-992a-a9016b75d4be" testListId="8c84fa94-04c1-424b-9868-57a2d4851a1d" />
    <TestEntry testId="a199e3d3-37c4-59ab-f42b-70300241cadc" executionId="eb9f3c12-120f-4463-955e-b331aa1fbcbf" testListId="8c84fa94-04c1-424b-9868-57a2d4851a1d" />
    <TestEntry testId="da6cd655-47d7-868f-5a09-0cfc18371346" executionId="df214bf2-0f8f-4b51-8a2a-da656971b42d" testListId="8c84fa94-04c1-424b-9868-57a2d4851a1d" />
    <TestEntry testId="9c34f19c-a78d-e718-8670-920d606c5d71" executionId="cafd610b-39eb-49c7-b6d8-ac4ec12c1287" testListId="8c84fa94-04c1-424b-9868-57a2d4851a1d" />
    <TestEntry testId="fa488c5f-fab5-f09b-e2a0-9a4880752228" executionId="be81e352-a1c3-4359-a191-472b9fb1c16d" testListId="8c84fa94-04c1-424b-9868-57a2d4851a1d" />
    <TestEntry testId="1f9697af-0d69-849e-0f98-c972cd0fddb8" executionId="fe2a7602-fd56-48fa-b354-9e94087ae285" testListId="8c84fa94-04c1-424b-9868-57a2d4851a1d" />
    <TestEntry testId="0f20a65a-999f-dcdb-dbc8-5fcb78ce746f" executionId="c4933257-737f-4d25-886d-ade05257a677" testListId="8c84fa94-04c1-424b-9868-57a2d4851a1d" />
    <TestEntry testId="0fd1e8d4-6d76-262b-1e0f-4388783d56d8" executionId="320d9958-12e6-4644-b0c3-527361476848" testListId="8c84fa94-04c1-424b-9868-57a2d4851a1d" />
    <TestEntry testId="16af025c-999f-4b3e-e269-4dacccc018ad" executionId="6e4eab5a-2538-4814-8f4a-fc8163de4041" testListId="8c84fa94-04c1-424b-9868-57a2d4851a1d" />
    <TestEntry testId="476e636f-af85-f0a7-ce68-221d8bd3d711" executionId="a33d6ca8-4491-48a7-ae85-167c59a61ba0" testListId="8c84fa94-04c1-424b-9868-57a2d4851a1d" />
    <TestEntry testId="51426835-a488-79ce-9060-c68af6406338" executionId="84c701de-6d5b-4f70-a129-fea9057ec109" testListId="8c84fa94-04c1-424b-9868-57a2d4851a1d" />
    <TestEntry testId="96da3c0b-8632-de07-4fd1-51a5cebc16fa" executionId="1097cf1c-a516-4083-96b2-de0faf91e39f" testListId="8c84fa94-04c1-424b-9868-57a2d4851a1d" />
    <TestEntry testId="ccb6b5c5-305c-cac2-dd89-fdf457a75195" executionId="2f1d7392-ea88-4fc6-9ee5-1a73994579e3" testListId="8c84fa94-04c1-424b-9868-57a2d4851a1d" />
    <TestEntry testId="a65f31b0-a24d-7de5-1705-201d3c368a90" executionId="e38405de-0d64-4b01-8414-a755869d3f7d" testListId="8c84fa94-04c1-424b-9868-57a2d4851a1d" />
    <TestEntry testId="fdcc3b04-660b-d514-14e7-76bde633f941" executionId="16437268-9d7f-4d2e-9ddb-4cc0d3fd91c6" testListId="8c84fa94-04c1-424b-9868-57a2d4851a1d" />
  </TestEntries>
  <TestLists>
    <TestList name="Les résultats ne figurent pas dans une liste" id="8c84fa94-04c1-424b-9868-57a2d4851a1d" />
    <TestList name="Tous les résultats chargés" id="19431567-8539-422a-85d7-44ee4e166bda" />
  </TestLists>
  <ResultSummary outcome="Completed">
    <Counters total="312" executed="312" passed="312" failed="0" error="0" timeout="0" aborted="0" inconclusive="0" passedButRunAborted="0" notRunnable="0" notExecuted="0" disconnected="0" warning="0" completed="0" inProgress="0" pending="0" />
    <Output>
      <StdOut>[xUnit.net 00:00:00.00] xUnit.net VSTest Adapter v2.4.3+1b45f5407b (64-bit .NET 6.0.10)
[xUnit.net 00:00:00.85]   Discovering: RSql4Net.Tests
[xUnit.net 00:00:00.94]   Discovered:  RSql4Net.Tests
[xUnit.net 00:00:00.94]   Starting:    RSql4Net.Tests
[xUnit.net 00:00:02.25]   Finished:    RSql4Net.Tests
</StdOut>
    </Output>
    <CollectorDataEntries>
      <Collector agentName="macbook-pro-de-gwendall" uri="datacollector://microsoft/CoverletCodeCoverage/1.0" collectorDisplayName="XPlat code coverage">
        <UriAttachments>
          <UriAttachment>
            <A href="macbook-pro-de-gwendall/coverage.cobertura.xml"></A>
          </UriAttachment>
        </UriAttachments>
      </Collector>
    </CollectorDataEntries>
  </ResultSummary>
</TestRun>